Using pre-set license
Built from '2020.2/staging' branch; Version is '2020.2.3f1 (8ff31bc5bf5b) revision 9433883'; Using compiler version '192528614'; Build Type 'Release'
OS: 'Windows 10 Home Single Language; OS build 19041.867; Version 2004; 64bit' Language: 'es' Physical Memory: 3992 MB
BatchMode: 1, IsHumanControllingUs: 0, StartBugReporterOnCrash: 0, Is64bit: 1, IsPro: 0

 COMMAND LINE ARGUMENTS:
C:\Program Files\Unity\Hub\Editor\2020.2.3f1\Editor\Unity.exe
-adb2
-batchMode
-noUpm
-name
AssetImportWorker0
-projectPath
E:/Videojuegos/proyectoVideojuegos/Ghost Adventures
-logFile
Logs/AssetImportWorker0.log
-srvPort
51159
Successfully changed project path to: E:/Videojuegos/proyectoVideojuegos/Ghost Adventures
E:/Videojuegos/proyectoVideojuegos/Ghost Adventures
Using Asset Import Pipeline V2.
Refreshing native plugins compatible for Editor in 55.77 ms, found 0 plugins.
Preloading 0 native plugins for Editor in 0.00 ms.
Initialize engine version: 2020.2.3f1 (8ff31bc5bf5b)
[Subsystems] Discovering subsystems at path C:/Program Files/Unity/Hub/Editor/2020.2.3f1/Editor/Data/Resources/UnitySubsystems
[Subsystems] Discovering subsystems at path E:/Videojuegos/proyectoVideojuegos/Ghost Adventures/Assets
GfxDevice: creating device client; threaded=0
Direct3D:
    Version:  Direct3D 11.0 [level 11.1]
    Renderer: Intel(R) HD Graphics Family (ID=0xa16)
    Vendor:   
    VRAM:     1996 MB
    Driver:   20.19.15.4531
Initialize mono
Mono path[0] = 'C:/Program Files/Unity/Hub/Editor/2020.2.3f1/Editor/Data/Managed'
Mono path[1] = 'C:/Program Files/Unity/Hub/Editor/2020.2.3f1/Editor/Data/MonoBleedingEdge/lib/mono/unityjit'
Mono config path = 'C:/Program Files/Unity/Hub/Editor/2020.2.3f1/Editor/Data/MonoBleedingEdge/etc'
Using monoOptions --debugger-agent=transport=dt_socket,embedding=1,server=y,suspend=n,address=127.0.0.1:56356
Begin MonoManager ReloadAssembly
Registering precompiled unity dll's ...
Register platform support module: C:/Program Files/Unity/Hub/Editor/2020.2.3f1/Editor/Data/PlaybackEngines/WebGLSupport/UnityEditor.WebGL.Extensions.dll
Register platform support module: C:/Program Files/Unity/Hub/Editor/2020.2.3f1/Editor/Data/PlaybackEngines/WindowsStandaloneSupport/UnityEditor.WindowsStandalone.Extensions.dll
Registered in 0.004253 seconds.
Native extension for WindowsStandalone target not found
Native extension for WebGL target not found
Refreshing native plugins compatible for Editor in 44.32 ms, found 0 plugins.
Preloading 0 native plugins for Editor in 0.00 ms.
Invoked RoslynAnalysisRunner static constructor.
RoslynAnalysisRunner will not be running.
RoslynAnalysisRunner has terminated.
Mono: successfully reloaded assembly
- Completed reload, in  3.201 seconds
Platform modules already initialized, skipping
Registering precompiled user dll's ...
Registered in 0.000978 seconds.
Begin MonoManager ReloadAssembly
Native extension for WindowsStandalone target not found
Native extension for WebGL target not found
Refreshing native plugins compatible for Editor in 0.34 ms, found 0 plugins.
Preloading 0 native plugins for Editor in 0.00 ms.
Invoked RoslynAnalysisRunner static constructor.
RoslynAnalysisRunner will not be running.
RoslynAnalysisRunner has terminated.
Mono: successfully reloaded assembly
- Completed reload, in  1.593 seconds
Platform modules already initialized, skipping
========================================================================
Worker process is ready to serve import requests
Launched and connected shader compiler UnityShaderCompiler.exe after 0.10 seconds
Refreshing native plugins compatible for Editor in 0.79 ms, found 0 plugins.
Preloading 0 native plugins for Editor in 0.00 ms.
Unloading 1102 Unused Serialized files (Serialized files now loaded: 0)
System memory in use before: 70.5 MB.
System memory in use after: 70.6 MB.

Unloading 10 unused Assets to reduce memory usage. Loaded Objects now: 1568.
Total: 3.136800 ms (FindLiveObjects: 0.281500 ms CreateObjectMapping: 0.107500 ms MarkObjects: 2.563300 ms  DeleteObjects: 0.182100 ms)

========================================================================
Received Import Request.
  path: Assets/Coconut Palm Tree Pack/Textures
  artifactKey: Guid(76607de6967d4914eb2164103a25ea73) Importer(815301076,1909f56bfc062723c751e8b465ee728b)
Start importing Assets/Coconut Palm Tree Pack/Textures using Guid(76607de6967d4914eb2164103a25ea73) Importer(815301076,1909f56bfc062723c751e8b465ee728b)  -> (artifact id: '08d74bdb9bef3b5eaa9345df49cd2ad8') in 0.011113 seconds
  Import took 0.016418 seconds .

========================================================================
Received Import Request.
  Time since last request: 33.478874 seconds.
  path: Assets/Coconut Palm Tree Pack/Prefabs
  artifactKey: Guid(ac3050abfdeada0448d715abcb248151) Importer(815301076,1909f56bfc062723c751e8b465ee728b)
Start importing Assets/Coconut Palm Tree Pack/Prefabs using Guid(ac3050abfdeada0448d715abcb248151) Importer(815301076,1909f56bfc062723c751e8b465ee728b)  -> (artifact id: 'ee4af73415053364f13dcabf6fd190dd') in 0.034351 seconds
  Import took 0.044829 seconds .

========================================================================
Received Import Request.
  Time since last request: 1.535533 seconds.
  path: Assets/Coconut Palm Tree Pack/Prefabs/Coconut_Palm_Tree01.prefab
  artifactKey: Guid(13f6097cdfae79d44acca4175298212a) Importer(815301076,1909f56bfc062723c751e8b465ee728b)
Start importing Assets/Coconut Palm Tree Pack/Prefabs/Coconut_Palm_Tree01.prefab using Guid(13f6097cdfae79d44acca4175298212a) Importer(815301076,1909f56bfc062723c751e8b465ee728b)  -> (artifact id: 'edbbf1a6ff707feb2aefb48b748b381d') in 0.562353 seconds
  Import took 0.574213 seconds .

========================================================================
Received Import Request.
  Time since last request: 0.579861 seconds.
  path: Assets/Coconut Palm Tree Pack/Prefabs/Coconut_Palm_Tree02.prefab
  artifactKey: Guid(c7bc3a9d18ad39d43a6927004d0c24d8) Importer(815301076,1909f56bfc062723c751e8b465ee728b)
Start importing Assets/Coconut Palm Tree Pack/Prefabs/Coconut_Palm_Tree02.prefab using Guid(c7bc3a9d18ad39d43a6927004d0c24d8) Importer(815301076,1909f56bfc062723c751e8b465ee728b)  -> (artifact id: 'ac522625d802cd00af41b32528e28dd1') in 0.099633 seconds
  Import took 0.113826 seconds .

========================================================================
Received Import Request.
  Time since last request: 1.060950 seconds.
  path: Assets/Coconut Palm Tree Pack/Prefabs/Coconut_Palm_Tree03.prefab
  artifactKey: Guid(1e96e737ba439e54a858591faf6298c2) Importer(815301076,1909f56bfc062723c751e8b465ee728b)
Start importing Assets/Coconut Palm Tree Pack/Prefabs/Coconut_Palm_Tree03.prefab using Guid(1e96e737ba439e54a858591faf6298c2) Importer(815301076,1909f56bfc062723c751e8b465ee728b)  -> (artifact id: '69c8def3b35033b62179d7f43a7d5293') in 0.107092 seconds
  Import took 0.119509 seconds .

========================================================================
Received Import Request.
  Time since last request: 0.001490 seconds.
  path: Assets/Coconut Palm Tree Pack/Prefabs/Coconut_Palm_Tree03.prefab
  artifactKey: Guid(1e96e737ba439e54a858591faf6298c2) Importer(815301076,1909f56bfc062723c751e8b465ee728b)
Start importing Assets/Coconut Palm Tree Pack/Prefabs/Coconut_Palm_Tree03.prefab using Guid(1e96e737ba439e54a858591faf6298c2) Importer(815301076,1909f56bfc062723c751e8b465ee728b)  -> (artifact id: '69c8def3b35033b62179d7f43a7d5293') in 0.050254 seconds
  Import took 0.062048 seconds .

========================================================================
Received Prepare
Registering precompiled user dll's ...
Registered in 0.002607 seconds.
Begin MonoManager ReloadAssembly
Native extension for WindowsStandalone target not found
Native extension for WebGL target not found
Refreshing native plugins compatible for Editor in 0.58 ms, found 0 plugins.
Preloading 0 native plugins for Editor in 0.00 ms.
Invoked RoslynAnalysisRunner static constructor.
RoslynAnalysisRunner will not be running.
RoslynAnalysisRunner has terminated.
Mono: successfully reloaded assembly
- Completed reload, in  2.004 seconds
Platform modules already initialized, skipping
Refreshing native plugins compatible for Editor in 0.61 ms, found 0 plugins.
Preloading 0 native plugins for Editor in 0.00 ms.
Unloading 1095 Unused Serialized files (Serialized files now loaded: 0)
System memory in use before: 73.4 MB.
System memory in use after: 73.5 MB.

Unloading 5 unused Assets to reduce memory usage. Loaded Objects now: 1577.
Total: 4.583300 ms (FindLiveObjects: 0.226300 ms CreateObjectMapping: 0.132200 ms MarkObjects: 4.068900 ms  DeleteObjects: 0.153800 ms)

AssetImportWorkerClient::OnTransportError - code=2 error=End of file
