Using pre-set license
Built from '2020.2/staging' branch; Version is '2020.2.3f1 (8ff31bc5bf5b) revision 9433883'; Using compiler version '192528614'; Build Type 'Release'
OS: 'Windows 10 Home Single Language; OS build 19041.867; Version 2004; 64bit' Language: 'es' Physical Memory: 3992 MB
BatchMode: 1, IsHumanControllingUs: 0, StartBugReporterOnCrash: 0, Is64bit: 1, IsPro: 0

 COMMAND LINE ARGUMENTS:
C:\Program Files\Unity\Hub\Editor\2020.2.3f1\Editor\Unity.exe
-adb2
-batchMode
-noUpm
-name
AssetImportWorker0
-projectPath
E:/Videojuegos/proyectoVideojuegos/Ghost Adventures
-logFile
Logs/AssetImportWorker0.log
-srvPort
50738
Successfully changed project path to: E:/Videojuegos/proyectoVideojuegos/Ghost Adventures
E:/Videojuegos/proyectoVideojuegos/Ghost Adventures
Using Asset Import Pipeline V2.
Refreshing native plugins compatible for Editor in 71.06 ms, found 0 plugins.
Preloading 0 native plugins for Editor in 0.00 ms.
Initialize engine version: 2020.2.3f1 (8ff31bc5bf5b)
[Subsystems] Discovering subsystems at path C:/Program Files/Unity/Hub/Editor/2020.2.3f1/Editor/Data/Resources/UnitySubsystems
[Subsystems] Discovering subsystems at path E:/Videojuegos/proyectoVideojuegos/Ghost Adventures/Assets
GfxDevice: creating device client; threaded=0
Direct3D:
    Version:  Direct3D 11.0 [level 11.1]
    Renderer: Intel(R) HD Graphics Family (ID=0xa16)
    Vendor:   
    VRAM:     1996 MB
    Driver:   20.19.15.4531
Initialize mono
Mono path[0] = 'C:/Program Files/Unity/Hub/Editor/2020.2.3f1/Editor/Data/Managed'
Mono path[1] = 'C:/Program Files/Unity/Hub/Editor/2020.2.3f1/Editor/Data/MonoBleedingEdge/lib/mono/unityjit'
Mono config path = 'C:/Program Files/Unity/Hub/Editor/2020.2.3f1/Editor/Data/MonoBleedingEdge/etc'
Using monoOptions --debugger-agent=transport=dt_socket,embedding=1,server=y,suspend=n,address=127.0.0.1:56440
Begin MonoManager ReloadAssembly
Registering precompiled unity dll's ...
Register platform support module: C:/Program Files/Unity/Hub/Editor/2020.2.3f1/Editor/Data/PlaybackEngines/WebGLSupport/UnityEditor.WebGL.Extensions.dll
Register platform support module: C:/Program Files/Unity/Hub/Editor/2020.2.3f1/Editor/Data/PlaybackEngines/WindowsStandaloneSupport/UnityEditor.WindowsStandalone.Extensions.dll
Registered in 0.010114 seconds.
Native extension for WindowsStandalone target not found
Native extension for WebGL target not found
Refreshing native plugins compatible for Editor in 78.07 ms, found 0 plugins.
Preloading 0 native plugins for Editor in 0.00 ms.
Invoked RoslynAnalysisRunner static constructor.
RoslynAnalysisRunner will not be running.
RoslynAnalysisRunner has terminated.
Mono: successfully reloaded assembly
- Completed reload, in 10.587 seconds
Platform modules already initialized, skipping
Registering precompiled user dll's ...
Registered in 0.002418 seconds.
Begin MonoManager ReloadAssembly
Native extension for WindowsStandalone target not found
Native extension for WebGL target not found
Refreshing native plugins compatible for Editor in 0.34 ms, found 0 plugins.
Preloading 0 native plugins for Editor in 0.00 ms.
Invoked RoslynAnalysisRunner static constructor.
RoslynAnalysisRunner will not be running.
RoslynAnalysisRunner has terminated.
Mono: successfully reloaded assembly
- Completed reload, in  2.188 seconds
Platform modules already initialized, skipping
========================================================================
Worker process is ready to serve import requests
Launched and connected shader compiler UnityShaderCompiler.exe after 0.09 seconds
Refreshing native plugins compatible for Editor in 0.64 ms, found 0 plugins.
Preloading 0 native plugins for Editor in 0.00 ms.
Unloading 1102 Unused Serialized files (Serialized files now loaded: 0)
System memory in use before: 70.5 MB.
System memory in use after: 70.5 MB.

Unloading 10 unused Assets to reduce memory usage. Loaded Objects now: 1568.
Total: 4.326800 ms (FindLiveObjects: 0.221700 ms CreateObjectMapping: 0.091000 ms MarkObjects: 3.864200 ms  DeleteObjects: 0.147800 ms)

========================================================================
Received Import Request.
  path: Assets/Free Island Collection/Environment/Terrain/Textures/Cliff_1/Cliff_1_Diffuse.tif
  artifactKey: Guid(44c76103676243f41a593d9dcfb63e2a) Importer(815301076,1909f56bfc062723c751e8b465ee728b)
Start importing Assets/Free Island Collection/Environment/Terrain/Textures/Cliff_1/Cliff_1_Diffuse.tif using Guid(44c76103676243f41a593d9dcfb63e2a) Importer(815301076,1909f56bfc062723c751e8b465ee728b)  -> (artifact id: '97c1055dc9348f21e24c595a8765aa87') in 0.213377 seconds
  Import took 0.217282 seconds .

========================================================================
Received Import Request.
  Time since last request: 0.000907 seconds.
  path: Assets/Coconut Palm Tree Pack/Textures/Coconut_Palm_Tree_AFS.psd
  artifactKey: Guid(a77c7ca359b47564f87329ac91dfaf0c) Importer(815301076,1909f56bfc062723c751e8b465ee728b)
Start importing Assets/Coconut Palm Tree Pack/Textures/Coconut_Palm_Tree_AFS.psd using Guid(a77c7ca359b47564f87329ac91dfaf0c) Importer(815301076,1909f56bfc062723c751e8b465ee728b)  -> (artifact id: 'e190ead4f8d83e52fe796d8ea1375f72') in 0.097004 seconds
  Import took 0.103690 seconds .

========================================================================
Received Import Request.
  Time since last request: 0.000268 seconds.
  path: Assets/AllSkyFree/Cartoon Base NightSky/Cartoon Base NightSky Equirect.png
  artifactKey: Guid(7659947706e294d97a22faa1d4011724) Importer(815301076,1909f56bfc062723c751e8b465ee728b)
Start importing Assets/AllSkyFree/Cartoon Base NightSky/Cartoon Base NightSky Equirect.png using Guid(7659947706e294d97a22faa1d4011724) Importer(815301076,1909f56bfc062723c751e8b465ee728b)  -> (artifact id: '1c48821431de4b267515a44892f5feda') in 1.852677 seconds
  Import took 1.869719 seconds .

========================================================================
Received Import Request.
  Time since last request: 0.003266 seconds.
  path: Assets/AllSkyFree/Cartoon Base NightSky/Cartoon Base NightSky_Cam_4_Up+Y.png
  artifactKey: Guid(d8144633fec3342d9b7d9388377fb2a6) Importer(815301076,1909f56bfc062723c751e8b465ee728b)
Start importing Assets/AllSkyFree/Cartoon Base NightSky/Cartoon Base NightSky_Cam_4_Up+Y.png using Guid(d8144633fec3342d9b7d9388377fb2a6) Importer(815301076,1909f56bfc062723c751e8b465ee728b)  -> (artifact id: '3b17d3403b6acbc6094b694699530d6d') in 0.166064 seconds
  Import took 0.183940 seconds .

========================================================================
Received Import Request.
  Time since last request: 0.000333 seconds.
  path: Assets/Coconut Palm Tree Pack/Textures/Parts/Coconut_Palm_Tree_Bark_gloss.tif
  artifactKey: Guid(0dffe2fc5737be3488eaaf8dc423a082) Importer(815301076,1909f56bfc062723c751e8b465ee728b)
Start importing Assets/Coconut Palm Tree Pack/Textures/Parts/Coconut_Palm_Tree_Bark_gloss.tif using Guid(0dffe2fc5737be3488eaaf8dc423a082) Importer(815301076,1909f56bfc062723c751e8b465ee728b)  -> (artifact id: 'f4bd75fd1d7848c2a822c67e75bd2cca') in 0.059435 seconds
  Import took 0.066664 seconds .

========================================================================
Received Import Request.
  Time since last request: 0.000256 seconds.
  path: Assets/Coconut Palm Tree Pack/Textures/Parts/Coconut_Palm_Tree_Branch1_diffuse.psd
  artifactKey: Guid(16ea72dd21e6343488bb3a817d30e6cf) Importer(815301076,1909f56bfc062723c751e8b465ee728b)
Start importing Assets/Coconut Palm Tree Pack/Textures/Parts/Coconut_Palm_Tree_Branch1_diffuse.psd using Guid(16ea72dd21e6343488bb3a817d30e6cf) Importer(815301076,1909f56bfc062723c751e8b465ee728b)  -> (artifact id: '252683e33fe5170d51d183e403164d97') in 0.085713 seconds
  Import took 0.090615 seconds .

========================================================================
Received Import Request.
  Time since last request: 0.000276 seconds.
  path: Assets/Coconut Palm Tree Pack/Textures/Parts/Coconut_Palm_Tree_Bark_normal.tif
  artifactKey: Guid(8d17c3e5418f938499dc4e55fdbc4f3f) Importer(815301076,1909f56bfc062723c751e8b465ee728b)
Start importing Assets/Coconut Palm Tree Pack/Textures/Parts/Coconut_Palm_Tree_Bark_normal.tif using Guid(8d17c3e5418f938499dc4e55fdbc4f3f) Importer(815301076,1909f56bfc062723c751e8b465ee728b)  -> (artifact id: 'b18f8c684e99fda291fce873225477f1') in 0.116561 seconds
  Import took 0.124890 seconds .

========================================================================
Received Import Request.
  Time since last request: 0.000171 seconds.
  path: Assets/AllSkyFree/Cartoon Base NightSky/Cartoon Base NightSky_Cam_3_Right-X.png
  artifactKey: Guid(69090bcf98b624e77a2f519630debe54) Importer(815301076,1909f56bfc062723c751e8b465ee728b)
Start importing Assets/AllSkyFree/Cartoon Base NightSky/Cartoon Base NightSky_Cam_3_Right-X.png using Guid(69090bcf98b624e77a2f519630debe54) Importer(815301076,1909f56bfc062723c751e8b465ee728b)  -> (artifact id: '52909071e7b1997da179bad15792914d') in 0.114045 seconds
  Import took 0.128126 seconds .

========================================================================
Received Import Request.
  Time since last request: 0.001970 seconds.
  path: Assets/AllSkyFree/Overcast Low/AllSky_Overcast4_Low.png
  artifactKey: Guid(c8f21f62fdb3e43c5b32917c84683698) Importer(815301076,1909f56bfc062723c751e8b465ee728b)
Start importing Assets/AllSkyFree/Overcast Low/AllSky_Overcast4_Low.png using Guid(c8f21f62fdb3e43c5b32917c84683698) Importer(815301076,1909f56bfc062723c751e8b465ee728b)  -> (artifact id: 'b7561ad6546ec3c5b1ce270aa5df37a0') in 0.568505 seconds
  Import took 0.574291 seconds .

========================================================================
Received Import Request.
  Time since last request: 0.000328 seconds.
  path: Assets/Coconut Palm Tree Pack/Textures/Parts/Coconut_Palm_Tree_Branch1_normal.tif
  artifactKey: Guid(d783fab3ba1456147949e7a8c7bf4aea) Importer(815301076,1909f56bfc062723c751e8b465ee728b)
Start importing Assets/Coconut Palm Tree Pack/Textures/Parts/Coconut_Palm_Tree_Branch1_normal.tif using Guid(d783fab3ba1456147949e7a8c7bf4aea) Importer(815301076,1909f56bfc062723c751e8b465ee728b)  -> (artifact id: 'd250b2e19b0c3397e2fcb9468f692a7d') in 0.077670 seconds
  Import took 0.088634 seconds .

========================================================================
Received Import Request.
  Time since last request: 0.000825 seconds.
  path: Assets/Coconut Palm Tree Pack/Textures/Parts/Coconut_Palm_Tree_Branch1_translucency.png
  artifactKey: Guid(13dae0eac9956254180d4e76b203db4d) Importer(815301076,1909f56bfc062723c751e8b465ee728b)
Start importing Assets/Coconut Palm Tree Pack/Textures/Parts/Coconut_Palm_Tree_Branch1_translucency.png using Guid(13dae0eac9956254180d4e76b203db4d) Importer(815301076,1909f56bfc062723c751e8b465ee728b)  -> (artifact id: '12fdd278419acb4aa08c13fd27da0796') in 0.077260 seconds
  Import took 0.088319 seconds .

========================================================================
Received Import Request.
  Time since last request: 0.000423 seconds.
  path: Assets/Coconut Palm Tree Pack/Textures/Parts/Coconut_Palm_Tree_Branch1_shadowoffset.png
  artifactKey: Guid(b09e7e34f2ccdb4469ff6dde8c3ebabf) Importer(815301076,1909f56bfc062723c751e8b465ee728b)
Start importing Assets/Coconut Palm Tree Pack/Textures/Parts/Coconut_Palm_Tree_Branch1_shadowoffset.png using Guid(b09e7e34f2ccdb4469ff6dde8c3ebabf) Importer(815301076,1909f56bfc062723c751e8b465ee728b)  -> (artifact id: 'f0101663da1087b524feabe2333ef0c0') in 0.024510 seconds
  Import took 0.031948 seconds .

========================================================================
Received Import Request.
  Time since last request: 0.000401 seconds.
  path: Assets/AllSkyFree/Cartoon Base NightSky/Cartoon Base NightSky_Cam_2_Left+X.png
  artifactKey: Guid(30795c4c7d28549fc98ea24071c47626) Importer(815301076,1909f56bfc062723c751e8b465ee728b)
Start importing Assets/AllSkyFree/Cartoon Base NightSky/Cartoon Base NightSky_Cam_2_Left+X.png using Guid(30795c4c7d28549fc98ea24071c47626) Importer(815301076,1909f56bfc062723c751e8b465ee728b)  -> (artifact id: 'ed72439f6bd730a5fcf072a6fa26e6b8') in 0.049444 seconds
  Import took 0.055213 seconds .

========================================================================
Received Import Request.
  Time since last request: 0.000326 seconds.
  path: Assets/Coconut Palm Tree Pack/Textures/Parts/Coconut_Palm_Bark2_normal.tif
  artifactKey: Guid(27be2962e4b2b2d4eb9362d2135f6331) Importer(815301076,1909f56bfc062723c751e8b465ee728b)
Start importing Assets/Coconut Palm Tree Pack/Textures/Parts/Coconut_Palm_Bark2_normal.tif using Guid(27be2962e4b2b2d4eb9362d2135f6331) Importer(815301076,1909f56bfc062723c751e8b465ee728b)  -> (artifact id: 'b00e7097391d70efe77b2b81e02b58b5') in 0.060046 seconds
  Import took 0.069179 seconds .

========================================================================
Received Import Request.
  Time since last request: 0.000105 seconds.
  path: Assets/Coconut Palm Tree Pack/Textures/Parts/Coconut_Palm_Bark1_normal.tif
  artifactKey: Guid(dfb207cb03df38541a0a4559385db1c3) Importer(815301076,1909f56bfc062723c751e8b465ee728b)
Start importing Assets/Coconut Palm Tree Pack/Textures/Parts/Coconut_Palm_Bark1_normal.tif using Guid(dfb207cb03df38541a0a4559385db1c3) Importer(815301076,1909f56bfc062723c751e8b465ee728b)  -> (artifact id: 'e3632474539e5eba89496b7fc83bfb4e') in 0.047230 seconds
  Import took 0.053321 seconds .

========================================================================
Received Import Request.
  Time since last request: 0.000277 seconds.
  path: Assets/AllSkyFree/AllSkyDemoEnvironment/AllSky_Logo.png
  artifactKey: Guid(a5075efb0c5504a389b38cf795aabf4c) Importer(815301076,1909f56bfc062723c751e8b465ee728b)
Start importing Assets/AllSkyFree/AllSkyDemoEnvironment/AllSky_Logo.png using Guid(a5075efb0c5504a389b38cf795aabf4c) Importer(815301076,1909f56bfc062723c751e8b465ee728b)  -> (artifact id: 'e4b2bb1366ec0c988b0955071da58a3f') in 0.127219 seconds
  Import took 0.132054 seconds .

========================================================================
Received Import Request.
  Time since last request: 0.000285 seconds.
  path: Assets/AllSkyFree/Cartoon Base NightSky/Cartoon Base NightSky_Cam_1_Back-Z.png
  artifactKey: Guid(baee46fd4fc8d4898864f4963bb39f34) Importer(815301076,1909f56bfc062723c751e8b465ee728b)
Start importing Assets/AllSkyFree/Cartoon Base NightSky/Cartoon Base NightSky_Cam_1_Back-Z.png using Guid(baee46fd4fc8d4898864f4963bb39f34) Importer(815301076,1909f56bfc062723c751e8b465ee728b)  -> (artifact id: '589a2001dd5bc1bcd371fd71d7dea289') in 0.078153 seconds
  Import took 0.087643 seconds .

========================================================================
Received Import Request.
  Time since last request: 0.000352 seconds.
  path: Assets/Free Island Collection/Environment/Terrain/Textures/Cliff_2/Cliff_2_Normal.png
  artifactKey: Guid(debbe2657a1008e4cabc9c52ece0fc1c) Importer(815301076,1909f56bfc062723c751e8b465ee728b)
Start importing Assets/Free Island Collection/Environment/Terrain/Textures/Cliff_2/Cliff_2_Normal.png using Guid(debbe2657a1008e4cabc9c52ece0fc1c) Importer(815301076,1909f56bfc062723c751e8b465ee728b)  -> (artifact id: '3be5a23c2c8481353fb7210c65d4fedb') in 0.106141 seconds
  Import took 0.115245 seconds .

========================================================================
Received Import Request.
  Time since last request: 0.001679 seconds.
  path: Assets/Coconut Palm Tree Pack/Textures/Parts/Coconut_Palm_Tree_Branch1_gloss.png
  artifactKey: Guid(ded2058333b20b44caed3f73bf275f9b) Importer(815301076,1909f56bfc062723c751e8b465ee728b)
Start importing Assets/Coconut Palm Tree Pack/Textures/Parts/Coconut_Palm_Tree_Branch1_gloss.png using Guid(ded2058333b20b44caed3f73bf275f9b) Importer(815301076,1909f56bfc062723c751e8b465ee728b)  -> (artifact id: '5fbadd62a6c13ab2dbdc146e754c9555') in 0.053530 seconds
  Import took 0.060226 seconds .

========================================================================
Received Import Request.
  Time since last request: 0.000307 seconds.
  path: Assets/Coconut Palm Tree Pack/Textures/Parts/Coconut_Palm_Bark2_diffuse.psd
  artifactKey: Guid(89da037c7c492514f9e92f8d401be761) Importer(815301076,1909f56bfc062723c751e8b465ee728b)
Start importing Assets/Coconut Palm Tree Pack/Textures/Parts/Coconut_Palm_Bark2_diffuse.psd using Guid(89da037c7c492514f9e92f8d401be761) Importer(815301076,1909f56bfc062723c751e8b465ee728b)  -> (artifact id: 'd921af3faa1fc46a3cf05cb0db6eecec') in 0.049110 seconds
  Import took 0.054729 seconds .

========================================================================
Received Import Request.
  Time since last request: 0.000329 seconds.
  path: Assets/Coconut Palm Tree Pack/Textures/Parts/Coconut_Palm_Tree_Bark_diffuse.tif
  artifactKey: Guid(54054dbf5a8a60f45a1379fdec49fae9) Importer(815301076,1909f56bfc062723c751e8b465ee728b)
Start importing Assets/Coconut Palm Tree Pack/Textures/Parts/Coconut_Palm_Tree_Bark_diffuse.tif using Guid(54054dbf5a8a60f45a1379fdec49fae9) Importer(815301076,1909f56bfc062723c751e8b465ee728b)  -> (artifact id: 'd5cf590437737640b9d428683ce2eb35') in 0.034112 seconds
  Import took 0.040735 seconds .

========================================================================
Received Import Request.
  Time since last request: 0.000289 seconds.
  path: Assets/AllSkyFree/Night MoonBurst/AllSky_Night_MoonBurst Equirect.png
  artifactKey: Guid(34a763168147f4182a21b9fd004d67de) Importer(815301076,1909f56bfc062723c751e8b465ee728b)
Start importing Assets/AllSkyFree/Night MoonBurst/AllSky_Night_MoonBurst Equirect.png using Guid(34a763168147f4182a21b9fd004d67de) Importer(815301076,1909f56bfc062723c751e8b465ee728b)  -> (artifact id: 'd32d93a73989d60849f1ab8089bd5047') in 0.454674 seconds
  Import took 0.459089 seconds .

========================================================================
Received Import Request.
  Time since last request: 0.000425 seconds.
  path: Assets/Coconut Palm Tree Pack/Textures/Parts/Coconut_Palm_Tree_Branch2_gloss.png
  artifactKey: Guid(1aeac123f1d9e2a4aad9c32bfd25eab7) Importer(815301076,1909f56bfc062723c751e8b465ee728b)
Start importing Assets/Coconut Palm Tree Pack/Textures/Parts/Coconut_Palm_Tree_Branch2_gloss.png using Guid(1aeac123f1d9e2a4aad9c32bfd25eab7) Importer(815301076,1909f56bfc062723c751e8b465ee728b)  -> (artifact id: '0b297c6c4eb9628f05005f65e55492b9') in 0.034408 seconds
  Import took 0.039636 seconds .

========================================================================
Received Import Request.
  Time since last request: 0.000434 seconds.
  path: Assets/AllSkyFree/AllSkyDemoEnvironment/BlackTransparentGradient.png
  artifactKey: Guid(5fcdc8d88900447cbacc2451e4e54427) Importer(815301076,1909f56bfc062723c751e8b465ee728b)
Start importing Assets/AllSkyFree/AllSkyDemoEnvironment/BlackTransparentGradient.png using Guid(5fcdc8d88900447cbacc2451e4e54427) Importer(815301076,1909f56bfc062723c751e8b465ee728b)  -> (artifact id: '7dbaecfd0bcfc5f6abf125431d5cf5ae') in 0.101089 seconds
  Import took 0.113942 seconds .

========================================================================
Received Import Request.
  Time since last request: 0.000439 seconds.
  path: Assets/Free Island Collection/Environment/Terrain/Textures/Cliff_2/Cliff_2_Diffuse.tif
  artifactKey: Guid(d0111cb4aeac3a243ad5e9a93854f108) Importer(815301076,1909f56bfc062723c751e8b465ee728b)
Start importing Assets/Free Island Collection/Environment/Terrain/Textures/Cliff_2/Cliff_2_Diffuse.tif using Guid(d0111cb4aeac3a243ad5e9a93854f108) Importer(815301076,1909f56bfc062723c751e8b465ee728b)  -> (artifact id: 'afbc76f015d0114800bab6647814af34') in 0.080116 seconds
  Import took 0.089147 seconds .

========================================================================
Received Import Request.
  Time since last request: 0.000381 seconds.
  path: Assets/Coconut Palm Tree Pack/Textures/Parts/Coconut_Palm_Tree_Branch2_diffuse.psd
  artifactKey: Guid(f8883751afb979b43af59adbb48ef465) Importer(815301076,1909f56bfc062723c751e8b465ee728b)
Start importing Assets/Coconut Palm Tree Pack/Textures/Parts/Coconut_Palm_Tree_Branch2_diffuse.psd using Guid(f8883751afb979b43af59adbb48ef465) Importer(815301076,1909f56bfc062723c751e8b465ee728b)  -> (artifact id: 'bff26b9f8d3a0f81ea6b0ddcb6f295e2') in 0.081195 seconds
  Import took 0.087387 seconds .

========================================================================
Received Import Request.
  Time since last request: 0.000578 seconds.
  path: Assets/Coconut Palm Tree Pack/Textures/Parts/Coconut_Palm_Bark1_diffuse.psd
  artifactKey: Guid(d1e9cd077ea79eb4baa8eecd14e9afb3) Importer(815301076,1909f56bfc062723c751e8b465ee728b)
Start importing Assets/Coconut Palm Tree Pack/Textures/Parts/Coconut_Palm_Bark1_diffuse.psd using Guid(d1e9cd077ea79eb4baa8eecd14e9afb3) Importer(815301076,1909f56bfc062723c751e8b465ee728b)  -> (artifact id: 'aaa4a8f604402c5149a31b17cfa77090') in 0.066648 seconds
  Import took 0.072853 seconds .

========================================================================
Received Import Request.
  Time since last request: 0.000447 seconds.
  path: Assets/AllSkyFree/Cartoon Base NightSky/Cartoon Base NightSky_Cam_0_Front+Z.png
  artifactKey: Guid(5cd44424375bd4ad69191a50c41ec04d) Importer(815301076,1909f56bfc062723c751e8b465ee728b)
Start importing Assets/AllSkyFree/Cartoon Base NightSky/Cartoon Base NightSky_Cam_0_Front+Z.png using Guid(5cd44424375bd4ad69191a50c41ec04d) Importer(815301076,1909f56bfc062723c751e8b465ee728b)  -> (artifact id: 'e61ed54d07c579ec90766537215ee02f') in 0.045820 seconds
  Import took 0.049677 seconds .

========================================================================
Received Import Request.
  Time since last request: 0.000475 seconds.
  path: Assets/AllSkyFree/Cartoon Base NightSky/Cartoon Base NightSky_Cam_5_Down-Y.png
  artifactKey: Guid(e23c4e30896d34af5beb066fcf2790c7) Importer(815301076,1909f56bfc062723c751e8b465ee728b)
Start importing Assets/AllSkyFree/Cartoon Base NightSky/Cartoon Base NightSky_Cam_5_Down-Y.png using Guid(e23c4e30896d34af5beb066fcf2790c7) Importer(815301076,1909f56bfc062723c751e8b465ee728b)  -> (artifact id: 'd3c5520f813ecd416b12bd29a9a18bde') in 0.068572 seconds
  Import took 0.073937 seconds .

========================================================================
Received Import Request.
  Time since last request: 0.001256 seconds.
  path: Assets/Free Island Collection/Environment/Terrain/Textures/Cliff_1/Cliff_1_Normal.png
  artifactKey: Guid(e5783c8549ee2f544a9ca3f56e404a85) Importer(815301076,1909f56bfc062723c751e8b465ee728b)
Start importing Assets/Free Island Collection/Environment/Terrain/Textures/Cliff_1/Cliff_1_Normal.png using Guid(e5783c8549ee2f544a9ca3f56e404a85) Importer(815301076,1909f56bfc062723c751e8b465ee728b)  -> (artifact id: 'e00be26d4e7dddef9ae24f425ac08ab8') in 0.068410 seconds
  Import took 0.074612 seconds .

========================================================================
Received Import Request.
  Time since last request: 1.327546 seconds.
  path: Assets/Coconut Palm Tree Pack/Textures/Parts/Coconut_Palm_Tree_Branch2_normal.png
  artifactKey: Guid(815fb985cccc47141bf1e486ac9d3df4) Importer(815301076,1909f56bfc062723c751e8b465ee728b)
Start importing Assets/Coconut Palm Tree Pack/Textures/Parts/Coconut_Palm_Tree_Branch2_normal.png using Guid(815fb985cccc47141bf1e486ac9d3df4) Importer(815301076,1909f56bfc062723c751e8b465ee728b)  -> (artifact id: '5ce74eec991601d747de814c83b9d4bf') in 0.057584 seconds
  Import took 0.069629 seconds .

========================================================================
Received Import Request.
  Time since last request: 0.000561 seconds.
  path: Assets/Coconut Palm Tree Pack/Textures/Parts/Coconut_Palm_Tree_Branch2_shadowoffset.png
  artifactKey: Guid(9238265c535372340a719cce16c833a2) Importer(815301076,1909f56bfc062723c751e8b465ee728b)
Start importing Assets/Coconut Palm Tree Pack/Textures/Parts/Coconut_Palm_Tree_Branch2_shadowoffset.png using Guid(9238265c535372340a719cce16c833a2) Importer(815301076,1909f56bfc062723c751e8b465ee728b)  -> (artifact id: 'a3112d7d4cc3570c60a2dcc4796058c4') in 0.069249 seconds
  Import took 0.078340 seconds .

========================================================================
Received Import Request.
  Time since last request: 0.560576 seconds.
  path: Assets/Coconut Palm Tree Pack/Textures/Parts/Coconut_Palm_Tree_Branch2_translucency.png
  artifactKey: Guid(8620dcc4adbdeee4b88549a56b9bf221) Importer(815301076,1909f56bfc062723c751e8b465ee728b)
Start importing Assets/Coconut Palm Tree Pack/Textures/Parts/Coconut_Palm_Tree_Branch2_translucency.png using Guid(8620dcc4adbdeee4b88549a56b9bf221) Importer(815301076,1909f56bfc062723c751e8b465ee728b)  -> (artifact id: '4bd0afa43ec4b5fdf7335e8b98de2aa5') in 0.049970 seconds
  Import took 0.061669 seconds .

========================================================================
Received Import Request.
  Time since last request: 0.000307 seconds.
  path: Assets/Coconut Palm Tree Pack/Textures/Coconut_Palm_Tree_diffuse.psd
  artifactKey: Guid(69c952e0cacbc0c428fbb6b81f6c4035) Importer(815301076,1909f56bfc062723c751e8b465ee728b)
Start importing Assets/Coconut Palm Tree Pack/Textures/Coconut_Palm_Tree_diffuse.psd using Guid(69c952e0cacbc0c428fbb6b81f6c4035) Importer(815301076,1909f56bfc062723c751e8b465ee728b)  -> (artifact id: '87245fd0abdc61483368e1b97cabf588') in 0.054091 seconds
  Import took 0.059979 seconds .

========================================================================
Received Import Request.
  Time since last request: 0.398682 seconds.
  path: Assets/Coconut Palm Tree Pack/Textures/Coconut_Palm_Tree_normalspec.psd
  artifactKey: Guid(50c99bdf4a8177d4f8901f7cd9af46a8) Importer(815301076,1909f56bfc062723c751e8b465ee728b)
Start importing Assets/Coconut Palm Tree Pack/Textures/Coconut_Palm_Tree_normalspec.psd using Guid(50c99bdf4a8177d4f8901f7cd9af46a8) Importer(815301076,1909f56bfc062723c751e8b465ee728b)  -> (artifact id: '65518b7ac273b0f79bc7c596fee597ff') in 0.038745 seconds
  Import took 0.044324 seconds .

========================================================================
Received Import Request.
  Time since last request: 0.000353 seconds.
  path: Assets/Coconut Palm Tree Pack/Textures/Coconut_Palm_Tree_normalspec_bark.psd
  artifactKey: Guid(41db16db92611aa498f3379b2f23be96) Importer(815301076,1909f56bfc062723c751e8b465ee728b)
Start importing Assets/Coconut Palm Tree Pack/Textures/Coconut_Palm_Tree_normalspec_bark.psd using Guid(41db16db92611aa498f3379b2f23be96) Importer(815301076,1909f56bfc062723c751e8b465ee728b)  -> (artifact id: 'eae22737ce2035cf9f6c7102f1f97b19') in 0.043848 seconds
  Import took 0.051006 seconds .

========================================================================
Received Import Request.
  Time since last request: 0.140304 seconds.
  path: Assets/Coconut Palm Tree Pack/Textures/Coconut_Palm_Tree_transgloss.psd
  artifactKey: Guid(5325128a82fad4b4db6e4fdb2e6a790c) Importer(815301076,1909f56bfc062723c751e8b465ee728b)
Start importing Assets/Coconut Palm Tree Pack/Textures/Coconut_Palm_Tree_transgloss.psd using Guid(5325128a82fad4b4db6e4fdb2e6a790c) Importer(815301076,1909f56bfc062723c751e8b465ee728b)  -> (artifact id: '1ac9e080913e908b5327879901ceeb0f') in 0.058511 seconds
  Import took 0.089356 seconds .

========================================================================
Received Import Request.
  Time since last request: 0.000381 seconds.
  path: Assets/AllSkyFree/Cold Night/Cold Night Equirect.png
  artifactKey: Guid(97259d0c0ea9f491692be825da27978a) Importer(815301076,1909f56bfc062723c751e8b465ee728b)
Start importing Assets/AllSkyFree/Cold Night/Cold Night Equirect.png using Guid(97259d0c0ea9f491692be825da27978a) Importer(815301076,1909f56bfc062723c751e8b465ee728b)  -> (artifact id: 'a43586cd6e8d803d968eff943493c779') in 0.502946 seconds
  Import took 0.516550 seconds .

========================================================================
Received Import Request.
  Time since last request: 0.000707 seconds.
  path: Assets/AllSkyFree/Cold Night/Cold Night__Cam_1_Back-Z.png
  artifactKey: Guid(7a03001a6d7c746a2a2467b3b3f51660) Importer(815301076,1909f56bfc062723c751e8b465ee728b)
Start importing Assets/AllSkyFree/Cold Night/Cold Night__Cam_1_Back-Z.png using Guid(7a03001a6d7c746a2a2467b3b3f51660) Importer(815301076,1909f56bfc062723c751e8b465ee728b)  -> (artifact id: '3ff089e7bee8f40cfb004e255bf5cfde') in 0.100513 seconds
  Import took 0.109354 seconds .

========================================================================
Received Import Request.
  Time since last request: 0.000402 seconds.
  path: Assets/AllSkyFree/Cold Night/Cold Night Equirect.png
  artifactKey: Guid(97259d0c0ea9f491692be825da27978a) Importer(815301076,1909f56bfc062723c751e8b465ee728b)
Start importing Assets/AllSkyFree/Cold Night/Cold Night Equirect.png using Guid(97259d0c0ea9f491692be825da27978a) Importer(815301076,1909f56bfc062723c751e8b465ee728b)  -> (artifact id: 'a43586cd6e8d803d968eff943493c779') in 0.556527 seconds
  Import took 0.562554 seconds .

========================================================================
Received Import Request.
  Time since last request: 0.000384 seconds.
  path: Assets/AllSkyFree/Cold Night/Cold Night__Cam_0_Front+Z.png
  artifactKey: Guid(aad96e1c2baf24d3499e2ea1426ab824) Importer(815301076,1909f56bfc062723c751e8b465ee728b)
Start importing Assets/AllSkyFree/Cold Night/Cold Night__Cam_0_Front+Z.png using Guid(aad96e1c2baf24d3499e2ea1426ab824) Importer(815301076,1909f56bfc062723c751e8b465ee728b)  -> (artifact id: '81b8e382961739262cf6d345d2ca5716') in 0.048112 seconds
  Import took 0.053343 seconds .

========================================================================
Received Import Request.
  Time since last request: 0.000429 seconds.
  path: Assets/AllSkyFree/Cold Night/Cold Night__Cam_3_Right-X.png
  artifactKey: Guid(2b201733d2df84602b3020984df58790) Importer(815301076,1909f56bfc062723c751e8b465ee728b)
Start importing Assets/AllSkyFree/Cold Night/Cold Night__Cam_3_Right-X.png using Guid(2b201733d2df84602b3020984df58790) Importer(815301076,1909f56bfc062723c751e8b465ee728b)  -> (artifact id: 'e95a2b0ddb2fee3bd601c961bf285eee') in 0.041384 seconds
  Import took 0.045886 seconds .

========================================================================
Received Import Request.
  Time since last request: 0.000300 seconds.
  path: Assets/AllSkyFree/Cold Night/Cold Night__Cam_2_Left+X.png
  artifactKey: Guid(3aa922ca8577f4f66b8810ab41310933) Importer(815301076,1909f56bfc062723c751e8b465ee728b)
Start importing Assets/AllSkyFree/Cold Night/Cold Night__Cam_2_Left+X.png using Guid(3aa922ca8577f4f66b8810ab41310933) Importer(815301076,1909f56bfc062723c751e8b465ee728b)  -> (artifact id: '43c801cec42bc39ca03fb66d09982782') in 0.080683 seconds
  Import took 0.087356 seconds .

========================================================================
Received Import Request.
  Time since last request: 0.000409 seconds.
  path: Assets/AllSkyFree/Cold Night/Cold Night__Cam_4_Up+Y.png
  artifactKey: Guid(3d6928c404a7c46c3991bb1b73521d66) Importer(815301076,1909f56bfc062723c751e8b465ee728b)
Start importing Assets/AllSkyFree/Cold Night/Cold Night__Cam_4_Up+Y.png using Guid(3d6928c404a7c46c3991bb1b73521d66) Importer(815301076,1909f56bfc062723c751e8b465ee728b)  -> (artifact id: '4dd40421d1375fe407b78f1a362e5ab2') in 0.143768 seconds
  Import took 0.154764 seconds .

========================================================================
Received Import Request.
  Time since last request: 0.000491 seconds.
  path: Assets/AllSkyFree/Cold Night/Cold Night__Cam_5_Down-Y.png
  artifactKey: Guid(8cab6aa3331da40e68754e2214ce08fa) Importer(815301076,1909f56bfc062723c751e8b465ee728b)
Start importing Assets/AllSkyFree/Cold Night/Cold Night__Cam_5_Down-Y.png using Guid(8cab6aa3331da40e68754e2214ce08fa) Importer(815301076,1909f56bfc062723c751e8b465ee728b)  -> (artifact id: '3e030357e814dcba60dee68e3932a7cd') in 0.066363 seconds
  Import took 0.071759 seconds .

========================================================================
Received Import Request.
  Time since last request: 0.479101 seconds.
  path: Assets/AllSkyFree/Cold Sunset/Cold Sunset Equirect.png
  artifactKey: Guid(6fa3f446deee84c52aec507bd0aca28c) Importer(815301076,1909f56bfc062723c751e8b465ee728b)
Start importing Assets/AllSkyFree/Cold Sunset/Cold Sunset Equirect.png using Guid(6fa3f446deee84c52aec507bd0aca28c) Importer(815301076,1909f56bfc062723c751e8b465ee728b)  -> (artifact id: '0a002bbc6ccaf9d682e7fd53dc802883') in 0.523476 seconds
  Import took 0.533234 seconds .

========================================================================
Received Import Request.
  Time since last request: 0.000641 seconds.
  path: Assets/AllSkyFree/Cold Sunset/Cold Sunset__Cam_0_Front+Z.png
  artifactKey: Guid(6774108631deb4532b5f7df6e4f779a7) Importer(815301076,1909f56bfc062723c751e8b465ee728b)
Start importing Assets/AllSkyFree/Cold Sunset/Cold Sunset__Cam_0_Front+Z.png using Guid(6774108631deb4532b5f7df6e4f779a7) Importer(815301076,1909f56bfc062723c751e8b465ee728b)  -> (artifact id: 'b0b14726d659d4b71a262695da852697') in 0.055796 seconds
  Import took 0.062514 seconds .

========================================================================
Received Import Request.
  Time since last request: 0.000427 seconds.
  path: Assets/AllSkyFree/Cold Sunset/Cold Sunset__Cam_2_Left+X.png
  artifactKey: Guid(ce026dfecbc694085a1d87a22f3bb49d) Importer(815301076,1909f56bfc062723c751e8b465ee728b)
Start importing Assets/AllSkyFree/Cold Sunset/Cold Sunset__Cam_2_Left+X.png using Guid(ce026dfecbc694085a1d87a22f3bb49d) Importer(815301076,1909f56bfc062723c751e8b465ee728b)  -> (artifact id: '1f90c451827a278af6692d8210df44bb') in 0.055436 seconds
  Import took 0.060910 seconds .

========================================================================
Received Import Request.
  Time since last request: 0.004096 seconds.
  path: Assets/AllSkyFree/Cold Sunset/Cold Sunset__Cam_1_Back-Z.png
  artifactKey: Guid(0c96697ef1fc74d8d90d3e2f7345366d) Importer(815301076,1909f56bfc062723c751e8b465ee728b)
Start importing Assets/AllSkyFree/Cold Sunset/Cold Sunset__Cam_1_Back-Z.png using Guid(0c96697ef1fc74d8d90d3e2f7345366d) Importer(815301076,1909f56bfc062723c751e8b465ee728b)  -> (artifact id: '98322b1d70463b7296bca53785161c15') in 0.049866 seconds
  Import took 0.054324 seconds .

========================================================================
Received Import Request.
  Time since last request: 0.000358 seconds.
  path: Assets/AllSkyFree/Cold Sunset/Cold Sunset__Cam_4_Up+Y.png
  artifactKey: Guid(c9658c52dbf374bf6aeeb26310f71145) Importer(815301076,1909f56bfc062723c751e8b465ee728b)
Start importing Assets/AllSkyFree/Cold Sunset/Cold Sunset__Cam_4_Up+Y.png using Guid(c9658c52dbf374bf6aeeb26310f71145) Importer(815301076,1909f56bfc062723c751e8b465ee728b)  -> (artifact id: '56bb661849bb5893dbb5f53c4eb844fc') in 0.123332 seconds
  Import took 0.134131 seconds .

========================================================================
Received Import Request.
  Time since last request: 0.000362 seconds.
  path: Assets/AllSkyFree/Cold Sunset/Cold Sunset__Cam_3_Right-X.png
  artifactKey: Guid(1f225a337fa434ec1b937d9c8b70a667) Importer(815301076,1909f56bfc062723c751e8b465ee728b)
Start importing Assets/AllSkyFree/Cold Sunset/Cold Sunset__Cam_3_Right-X.png using Guid(1f225a337fa434ec1b937d9c8b70a667) Importer(815301076,1909f56bfc062723c751e8b465ee728b)  -> (artifact id: 'c5911090656b83ded18370b359b60ba2') in 0.075510 seconds
  Import took 0.085172 seconds .

========================================================================
Received Import Request.
  Time since last request: 0.184799 seconds.
  path: Assets/AllSkyFree/Cold Sunset/Cold Sunset__Cam_5_Down-Y.png
  artifactKey: Guid(6458ffa0dcd6b4ea5b30ac5085d8c68a) Importer(815301076,1909f56bfc062723c751e8b465ee728b)
Start importing Assets/AllSkyFree/Cold Sunset/Cold Sunset__Cam_5_Down-Y.png using Guid(6458ffa0dcd6b4ea5b30ac5085d8c68a) Importer(815301076,1909f56bfc062723c751e8b465ee728b)  -> (artifact id: 'a84b2c4f46e446454d8fca2a305623c1') in 0.058371 seconds
  Import took 0.066170 seconds .

========================================================================
Received Import Request.
  Time since last request: 0.000314 seconds.
  path: Assets/AllSkyFree/Deep Dusk/Deep Dusk Equirect.png
  artifactKey: Guid(66e51860485ae4048a30f7e029e65af7) Importer(815301076,1909f56bfc062723c751e8b465ee728b)
Start importing Assets/AllSkyFree/Deep Dusk/Deep Dusk Equirect.png using Guid(66e51860485ae4048a30f7e029e65af7) Importer(815301076,1909f56bfc062723c751e8b465ee728b)  -> (artifact id: '02f47fbddeea4a41b0c38c5cf3b615c0') in 0.528541 seconds
  Import took 0.536228 seconds .

========================================================================
Received Import Request.
  Time since last request: 0.000295 seconds.
  path: Assets/AllSkyFree/Cold Sunset/Cold Sunset__Cam_5_Down-Y.png
  artifactKey: Guid(6458ffa0dcd6b4ea5b30ac5085d8c68a) Importer(815301076,1909f56bfc062723c751e8b465ee728b)
Start importing Assets/AllSkyFree/Cold Sunset/Cold Sunset__Cam_5_Down-Y.png using Guid(6458ffa0dcd6b4ea5b30ac5085d8c68a) Importer(815301076,1909f56bfc062723c751e8b465ee728b)  -> (artifact id: 'a84b2c4f46e446454d8fca2a305623c1') in 0.041241 seconds
  Import took 0.046144 seconds .

========================================================================
Received Import Request.
  Time since last request: 0.179008 seconds.
  path: Assets/AllSkyFree/Deep Dusk/Deep Dusk__Cam_0_Front+Z.png
  artifactKey: Guid(5fdaaa9d974104e6d8f9e575170a0c70) Importer(815301076,1909f56bfc062723c751e8b465ee728b)
Start importing Assets/AllSkyFree/Deep Dusk/Deep Dusk__Cam_0_Front+Z.png using Guid(5fdaaa9d974104e6d8f9e575170a0c70) Importer(815301076,1909f56bfc062723c751e8b465ee728b)  -> (artifact id: 'ca1df14d25c20174c39ba7c3fe20c8ec') in 0.044458 seconds
  Import took 0.071635 seconds .

========================================================================
Received Import Request.
  Time since last request: 0.000364 seconds.
  path: Assets/AllSkyFree/Deep Dusk/Deep Dusk__Cam_4_Up+Y.png
  artifactKey: Guid(d6efad16563c1446d86a121dbb004300) Importer(815301076,1909f56bfc062723c751e8b465ee728b)
Start importing Assets/AllSkyFree/Deep Dusk/Deep Dusk__Cam_4_Up+Y.png using Guid(d6efad16563c1446d86a121dbb004300) Importer(815301076,1909f56bfc062723c751e8b465ee728b)  -> (artifact id: '82c1699d8142307c8d1f8bd8c058cc72') in 0.058235 seconds
  Import took 0.064165 seconds .

========================================================================
Received Import Request.
  Time since last request: 0.000688 seconds.
  path: Assets/AllSkyFree/Deep Dusk/Deep Dusk__Cam_5_Down-Y.png
  artifactKey: Guid(2e38ed7c39e8e4314930da8a86ae7a88) Importer(815301076,1909f56bfc062723c751e8b465ee728b)
Start importing Assets/AllSkyFree/Deep Dusk/Deep Dusk__Cam_5_Down-Y.png using Guid(2e38ed7c39e8e4314930da8a86ae7a88) Importer(815301076,1909f56bfc062723c751e8b465ee728b)  -> (artifact id: '380e8918ebbf01a14fb902cef851269a') in 0.041785 seconds
  Import took 0.056138 seconds .

========================================================================
Received Import Request.
  Time since last request: 0.000645 seconds.
  path: Assets/AllSkyFree/Deep Dusk/Deep Dusk__Cam_2_Left+X.png
  artifactKey: Guid(519e05b7b3cd14409b4a22d07660cfc8) Importer(815301076,1909f56bfc062723c751e8b465ee728b)
Start importing Assets/AllSkyFree/Deep Dusk/Deep Dusk__Cam_2_Left+X.png using Guid(519e05b7b3cd14409b4a22d07660cfc8) Importer(815301076,1909f56bfc062723c751e8b465ee728b)  -> (artifact id: 'f6b4f437f5f9e255cb3149e8025e76c7') in 0.060441 seconds
  Import took 0.069555 seconds .

========================================================================
Received Import Request.
  Time since last request: 0.000397 seconds.
  path: Assets/AllSkyFree/Deep Dusk/Deep Dusk__Cam_3_Right-X.png
  artifactKey: Guid(47551dad0d90646a9a5dac436076f38a) Importer(815301076,1909f56bfc062723c751e8b465ee728b)
Start importing Assets/AllSkyFree/Deep Dusk/Deep Dusk__Cam_3_Right-X.png using Guid(47551dad0d90646a9a5dac436076f38a) Importer(815301076,1909f56bfc062723c751e8b465ee728b)  -> (artifact id: '31f21ab7799d389c1013c05a6c62567a') in 0.044990 seconds
  Import took 0.056669 seconds .

========================================================================
Received Import Request.
  Time since last request: 0.000469 seconds.
  path: Assets/AllSkyFree/Deep Dusk/Deep Dusk__Cam_1_Back-Z.png
  artifactKey: Guid(5e2aba0844c5a4c2ca77ba49a1ea08d5) Importer(815301076,1909f56bfc062723c751e8b465ee728b)
Start importing Assets/AllSkyFree/Deep Dusk/Deep Dusk__Cam_1_Back-Z.png using Guid(5e2aba0844c5a4c2ca77ba49a1ea08d5) Importer(815301076,1909f56bfc062723c751e8b465ee728b)  -> (artifact id: 'bb9865d5d9c80ffca47c8dc8cc52088d') in 0.053177 seconds
  Import took 0.062760 seconds .

========================================================================
Received Import Request.
  Time since last request: 0.131377 seconds.
  path: Assets/Free Island Collection/Environment/Terrain/Textures/Dirt_1/Dirt_1_Diffuse.tif
  artifactKey: Guid(721e0006ccd5ef64abea0e806ed8c207) Importer(815301076,1909f56bfc062723c751e8b465ee728b)
Start importing Assets/Free Island Collection/Environment/Terrain/Textures/Dirt_1/Dirt_1_Diffuse.tif using Guid(721e0006ccd5ef64abea0e806ed8c207) Importer(815301076,1909f56bfc062723c751e8b465ee728b)  -> (artifact id: '6a83999043149cbe079097cd15e5bfe2') in 0.075571 seconds
  Import took 0.083671 seconds .

========================================================================
Received Import Request.
  Time since last request: 0.000325 seconds.
  path: Assets/Free Island Collection/Environment/Terrain/Textures/Dirt_1/Dirt_1_Normal.png
  artifactKey: Guid(0ca6468d25898264ba4a05c519170642) Importer(815301076,1909f56bfc062723c751e8b465ee728b)
Start importing Assets/Free Island Collection/Environment/Terrain/Textures/Dirt_1/Dirt_1_Normal.png using Guid(0ca6468d25898264ba4a05c519170642) Importer(815301076,1909f56bfc062723c751e8b465ee728b)  -> (artifact id: '2c8eb8eae4f6544c93a8be6ea261f6f9') in 0.076917 seconds
  Import took 0.083441 seconds .

========================================================================
Received Import Request.
  Time since last request: 0.642961 seconds.
  path: Assets/Free Island Collection/Environment/Terrain/Textures/Dirt_2/Dirt_2_Diffuse.tif
  artifactKey: Guid(be60de281999eee428cb58e0c908dc13) Importer(815301076,1909f56bfc062723c751e8b465ee728b)
Start importing Assets/Free Island Collection/Environment/Terrain/Textures/Dirt_2/Dirt_2_Diffuse.tif using Guid(be60de281999eee428cb58e0c908dc13) Importer(815301076,1909f56bfc062723c751e8b465ee728b)  -> (artifact id: '89d34e172bc6cceb09bf92b3c32a2fc6') in 0.059007 seconds
  Import took 0.066850 seconds .

========================================================================
Received Import Request.
  Time since last request: 0.000802 seconds.
  path: Assets/Free Island Collection/Environment/Terrain/Textures/Dirt_2/Dirt_2_Normal.png
  artifactKey: Guid(10d36c98009eb3740bbcec3a9475db29) Importer(815301076,1909f56bfc062723c751e8b465ee728b)
Start importing Assets/Free Island Collection/Environment/Terrain/Textures/Dirt_2/Dirt_2_Normal.png using Guid(10d36c98009eb3740bbcec3a9475db29) Importer(815301076,1909f56bfc062723c751e8b465ee728b)  -> (artifact id: 'a9c338f18df1ee952fc081cf994778f3') in 0.082679 seconds
  Import took 0.088692 seconds .

========================================================================
Received Import Request.
  Time since last request: 0.000342 seconds.
  path: Assets/AllSkyFree/Epic_BlueSunset/Epic_BlueSunset_Cam_1_Back-Z.png
  artifactKey: Guid(cbdb0c81375e549b1bae3506c1863a68) Importer(815301076,1909f56bfc062723c751e8b465ee728b)
Start importing Assets/AllSkyFree/Epic_BlueSunset/Epic_BlueSunset_Cam_1_Back-Z.png using Guid(cbdb0c81375e549b1bae3506c1863a68) Importer(815301076,1909f56bfc062723c751e8b465ee728b)  -> (artifact id: '0b488416357f5d72b16b2ab1a2ae32cd') in 0.064245 seconds
  Import took 0.068770 seconds .

========================================================================
Received Import Request.
  Time since last request: 0.000399 seconds.
  path: Assets/AllSkyFree/Epic_BlueSunset/Epic_BlueSunset_Cam_0_Front+Z.png
  artifactKey: Guid(33dc9d88f32144697ba9777ee1aaae7b) Importer(815301076,1909f56bfc062723c751e8b465ee728b)
Start importing Assets/AllSkyFree/Epic_BlueSunset/Epic_BlueSunset_Cam_0_Front+Z.png using Guid(33dc9d88f32144697ba9777ee1aaae7b) Importer(815301076,1909f56bfc062723c751e8b465ee728b)  -> (artifact id: 'e711513b9c63ced56dcbb9382b1a719b') in 0.040227 seconds
  Import took 0.049750 seconds .

========================================================================
Received Import Request.
  Time since last request: 0.000484 seconds.
  path: Assets/AllSkyFree/Epic_BlueSunset/Epic_BlueSunset_Cam_2_Left+X.png
  artifactKey: Guid(604c8e250817f485c97f85e8237f7524) Importer(815301076,1909f56bfc062723c751e8b465ee728b)
Start importing Assets/AllSkyFree/Epic_BlueSunset/Epic_BlueSunset_Cam_2_Left+X.png using Guid(604c8e250817f485c97f85e8237f7524) Importer(815301076,1909f56bfc062723c751e8b465ee728b)  -> (artifact id: 'c226b8a430fcc6db3d07a504e94eac83') in 0.046440 seconds
  Import took 0.056275 seconds .

========================================================================
Received Import Request.
  Time since last request: 0.000441 seconds.
  path: Assets/AllSkyFree/Epic_BlueSunset/Epic_BlueSunset_Cam_3_Right-X.png
  artifactKey: Guid(04869052f46ba428caebe862513e3b5d) Importer(815301076,1909f56bfc062723c751e8b465ee728b)
Start importing Assets/AllSkyFree/Epic_BlueSunset/Epic_BlueSunset_Cam_3_Right-X.png using Guid(04869052f46ba428caebe862513e3b5d) Importer(815301076,1909f56bfc062723c751e8b465ee728b)  -> (artifact id: '4476a3e7908e7cde697fa6cca4bfbcf5') in 0.096668 seconds
  Import took 0.105715 seconds .

========================================================================
Received Import Request.
  Time since last request: 2.909949 seconds.
  path: Assets/AllSkyFree/Epic_BlueSunset/Epic_BlueSunset_Cam_4_Up+Y.png
  artifactKey: Guid(912bf47cb4f5f4c6ea43b7a8bd2eb0e5) Importer(815301076,1909f56bfc062723c751e8b465ee728b)
Start importing Assets/AllSkyFree/Epic_BlueSunset/Epic_BlueSunset_Cam_4_Up+Y.png using Guid(912bf47cb4f5f4c6ea43b7a8bd2eb0e5) Importer(815301076,1909f56bfc062723c751e8b465ee728b)  -> (artifact id: '4f35da9b78e3f4201d7f1bf4ef65218f') in 0.052036 seconds
  Import took 0.065462 seconds .

========================================================================
Received Import Request.
  Time since last request: 0.000707 seconds.
  path: Assets/AllSkyFree/Epic_BlueSunset/Epic_BlueSunset_Cam_5_Down-Y.png
  artifactKey: Guid(3e1c1042c332d4444bfe47799ff3e0d3) Importer(815301076,1909f56bfc062723c751e8b465ee728b)
Start importing Assets/AllSkyFree/Epic_BlueSunset/Epic_BlueSunset_Cam_5_Down-Y.png using Guid(3e1c1042c332d4444bfe47799ff3e0d3) Importer(815301076,1909f56bfc062723c751e8b465ee728b)  -> (artifact id: '1fa504fab8f45543bd49a50c3f250ef5') in 0.094834 seconds
  Import took 0.103381 seconds .

========================================================================
Received Import Request.
  Time since last request: 0.087777 seconds.
  path: Assets/AllSkyFree/Epic_BlueSunset/Epic_BlueSunset_EquiRect_flat.png
  artifactKey: Guid(e71fc492f440446b99875b8e1df890ba) Importer(815301076,1909f56bfc062723c751e8b465ee728b)
Start importing Assets/AllSkyFree/Epic_BlueSunset/Epic_BlueSunset_EquiRect_flat.png using Guid(e71fc492f440446b99875b8e1df890ba) Importer(815301076,1909f56bfc062723c751e8b465ee728b)  -> (artifact id: 'c21955f6008f420422f33e113e38673b') in 0.315048 seconds
  Import took 0.327292 seconds .

========================================================================
Received Import Request.
  Time since last request: 0.000143 seconds.
  path: Assets/AllSkyFree/Epic_GloriousPink/Epic_GloriousPink_Cam_0_Front+Z.png
  artifactKey: Guid(87dff0577f22146db9255e2cf270d6ee) Importer(815301076,1909f56bfc062723c751e8b465ee728b)
Start importing Assets/AllSkyFree/Epic_GloriousPink/Epic_GloriousPink_Cam_0_Front+Z.png using Guid(87dff0577f22146db9255e2cf270d6ee) Importer(815301076,1909f56bfc062723c751e8b465ee728b)  -> (artifact id: '7e8d787d0bcb365a24d4f6d06baa3a28') in 0.068340 seconds
  Import took 0.096568 seconds .

========================================================================
Received Import Request.
  Time since last request: 0.105199 seconds.
  path: Assets/AllSkyFree/Epic_GloriousPink/Epic_GloriousPink_Cam_1_Back-Z.png
  artifactKey: Guid(8e7251cff63ea413db367d2893f57bf6) Importer(815301076,1909f56bfc062723c751e8b465ee728b)
Start importing Assets/AllSkyFree/Epic_GloriousPink/Epic_GloriousPink_Cam_1_Back-Z.png using Guid(8e7251cff63ea413db367d2893f57bf6) Importer(815301076,1909f56bfc062723c751e8b465ee728b)  -> (artifact id: '1a8cc13630389d2951cc4d2023168b5b') in 0.175628 seconds
  Import took 0.190839 seconds .

========================================================================
Received Import Request.
  Time since last request: 0.003055 seconds.
  path: Assets/AllSkyFree/Epic_GloriousPink/Epic_GloriousPink_Cam_2_Left+X.png
  artifactKey: Guid(c85a861fbad8f45169567bbfa332ecf8) Importer(815301076,1909f56bfc062723c751e8b465ee728b)
Start importing Assets/AllSkyFree/Epic_GloriousPink/Epic_GloriousPink_Cam_2_Left+X.png using Guid(c85a861fbad8f45169567bbfa332ecf8) Importer(815301076,1909f56bfc062723c751e8b465ee728b)  -> (artifact id: 'ac0c31637fa71ca60166becf4cf20d5e') in 0.066420 seconds
  Import took 0.083180 seconds .

========================================================================
Received Import Request.
  Time since last request: 0.000395 seconds.
  path: Assets/AllSkyFree/Epic_GloriousPink/Epic_GloriousPink_Cam_3_Right-X.png
  artifactKey: Guid(938f8444195114ab791cdba8f627e3e7) Importer(815301076,1909f56bfc062723c751e8b465ee728b)
Start importing Assets/AllSkyFree/Epic_GloriousPink/Epic_GloriousPink_Cam_3_Right-X.png using Guid(938f8444195114ab791cdba8f627e3e7) Importer(815301076,1909f56bfc062723c751e8b465ee728b)  -> (artifact id: '9addee4345f51a7a251e0bc2d964b812') in 0.063284 seconds
  Import took 0.070729 seconds .

========================================================================
Received Import Request.
  Time since last request: 0.000344 seconds.
  path: Assets/AllSkyFree/Epic_GloriousPink/Epic_GloriousPink_Cam_4_Up+Y.png
  artifactKey: Guid(c3e1d31cf8ef742ad8aed75a1fdaff49) Importer(815301076,1909f56bfc062723c751e8b465ee728b)
Start importing Assets/AllSkyFree/Epic_GloriousPink/Epic_GloriousPink_Cam_4_Up+Y.png using Guid(c3e1d31cf8ef742ad8aed75a1fdaff49) Importer(815301076,1909f56bfc062723c751e8b465ee728b)  -> (artifact id: 'ff215b0810abe81d0fb9d163b1302fe4') in 0.069926 seconds
  Import took 0.077192 seconds .

========================================================================
Received Import Request.
  Time since last request: 0.136458 seconds.
  path: Assets/AllSkyFree/Epic_GloriousPink/Epic_GloriousPink_Cam_5_Down-Y.png
  artifactKey: Guid(213ae241f43b44b3f961dd8739080120) Importer(815301076,1909f56bfc062723c751e8b465ee728b)
Start importing Assets/AllSkyFree/Epic_GloriousPink/Epic_GloriousPink_Cam_5_Down-Y.png using Guid(213ae241f43b44b3f961dd8739080120) Importer(815301076,1909f56bfc062723c751e8b465ee728b)  -> (artifact id: '2f632bbe0e73da34beac02596607b5bc') in 0.053893 seconds
  Import took 0.061053 seconds .

========================================================================
Received Import Request.
  Time since last request: 0.000306 seconds.
  path: Assets/AllSkyFree/Epic_GloriousPink/Epic_GloriousPink_EquiRect.png
  artifactKey: Guid(8a293ce833d584fc98516e0e74f495a4) Importer(815301076,1909f56bfc062723c751e8b465ee728b)
Start importing Assets/AllSkyFree/Epic_GloriousPink/Epic_GloriousPink_EquiRect.png using Guid(8a293ce833d584fc98516e0e74f495a4) Importer(815301076,1909f56bfc062723c751e8b465ee728b)  -> (artifact id: '7f3007e40ee70ee1868885a53b874051') in 0.535141 seconds
  Import took 0.542026 seconds .

========================================================================
Received Import Request.
  Time since last request: 0.000384 seconds.
  path: Assets/Coconut Palm Tree Pack/Textures/Parts/Frond_Stem_normal.psd
  artifactKey: Guid(b199c89962c042844bb5d19f31b84dc3) Importer(815301076,1909f56bfc062723c751e8b465ee728b)
Start importing Assets/Coconut Palm Tree Pack/Textures/Parts/Frond_Stem_normal.psd using Guid(b199c89962c042844bb5d19f31b84dc3) Importer(815301076,1909f56bfc062723c751e8b465ee728b)  -> (artifact id: '7035b4b1d893f8f87d10c12c096c333d') in 0.127311 seconds
  Import took 0.133657 seconds .

========================================================================
Received Import Request.
  Time since last request: 0.000405 seconds.
  path: Assets/Coconut Palm Tree Pack/Textures/Parts/Frond_Stem_gloss.psd
  artifactKey: Guid(a4f433611f808d1438bab86f9c2b87ff) Importer(815301076,1909f56bfc062723c751e8b465ee728b)
Start importing Assets/Coconut Palm Tree Pack/Textures/Parts/Frond_Stem_gloss.psd using Guid(a4f433611f808d1438bab86f9c2b87ff) Importer(815301076,1909f56bfc062723c751e8b465ee728b)  -> (artifact id: 'b542e0f4bbede0da820b5dadc6ef0610') in 0.104057 seconds
  Import took 0.121283 seconds .

========================================================================
Received Import Request.
  Time since last request: 0.000717 seconds.
  path: Assets/Free Island Collection/Environment/Terrain/Textures/Grass_1/Grass_1_Diffuse.tif
  artifactKey: Guid(75ec9d666a8e3c8468361ddb5475adcc) Importer(815301076,1909f56bfc062723c751e8b465ee728b)
Start importing Assets/Free Island Collection/Environment/Terrain/Textures/Grass_1/Grass_1_Diffuse.tif using Guid(75ec9d666a8e3c8468361ddb5475adcc) Importer(815301076,1909f56bfc062723c751e8b465ee728b)  -> (artifact id: 'ecf3391d62ae986653115fe267a20d77') in 0.157272 seconds
  Import took 0.175310 seconds .

========================================================================
Received Import Request.
  Time since last request: 0.003374 seconds.
  path: Assets/Free Island Collection/Environment/Terrain/Textures/Grass_1/Grass_1_Normal.png
  artifactKey: Guid(e04faaa5f8d161d4491cd590cee62de9) Importer(815301076,1909f56bfc062723c751e8b465ee728b)
Start importing Assets/Free Island Collection/Environment/Terrain/Textures/Grass_1/Grass_1_Normal.png using Guid(e04faaa5f8d161d4491cd590cee62de9) Importer(815301076,1909f56bfc062723c751e8b465ee728b)  -> (artifact id: '06bd76416270ee24f0c7ab646c45b453') in 0.128482 seconds
  Import took 0.137193 seconds .

========================================================================
Received Import Request.
  Time since last request: 0.000313 seconds.
  path: Assets/Free Island Collection/Environment/Terrain/Textures/Grass_2/Grass_2_Diffuse.tif
  artifactKey: Guid(d3bf48d327d33be44bfc0862c7e8367c) Importer(815301076,1909f56bfc062723c751e8b465ee728b)
Start importing Assets/Free Island Collection/Environment/Terrain/Textures/Grass_2/Grass_2_Diffuse.tif using Guid(d3bf48d327d33be44bfc0862c7e8367c) Importer(815301076,1909f56bfc062723c751e8b465ee728b)  -> (artifact id: 'b246a22a24fdb8d00f14818e27420d95') in 0.066575 seconds
  Import took 0.086774 seconds .

========================================================================
Received Import Request.
  Time since last request: 0.000751 seconds.
  path: Assets/Free Island Collection/Environment/Terrain/Textures/Grass_2/Grass_2_Normal.png
  artifactKey: Guid(75c92dfd7f5dc74438f91d1df59ac88c) Importer(815301076,1909f56bfc062723c751e8b465ee728b)
Start importing Assets/Free Island Collection/Environment/Terrain/Textures/Grass_2/Grass_2_Normal.png using Guid(75c92dfd7f5dc74438f91d1df59ac88c) Importer(815301076,1909f56bfc062723c751e8b465ee728b)  -> (artifact id: '3fca7211c51a37f49d56f8f0c278bc15') in 0.203750 seconds
  Import took 0.212003 seconds .

========================================================================
Received Import Request.
  Time since last request: 0.000275 seconds.
  path: Assets/AllSkyFree/AllSkyDemoEnvironment/HowToUpResSkies.png
  artifactKey: Guid(5f86fefc3a6bd4b1998b38ab48808f10) Importer(815301076,1909f56bfc062723c751e8b465ee728b)
Start importing Assets/AllSkyFree/AllSkyDemoEnvironment/HowToUpResSkies.png using Guid(5f86fefc3a6bd4b1998b38ab48808f10) Importer(815301076,1909f56bfc062723c751e8b465ee728b)  -> (artifact id: 'f026cd4aaa9d6db0b4b09068bd27360b') in 0.079864 seconds
  Import took 0.085854 seconds .

========================================================================
Received Import Request.
  Time since last request: 0.000995 seconds.
  path: Assets/Free Island Collection/Environment/Grass/Grass_B.png
  artifactKey: Guid(bb0d5eea483852c48ae3a1202ce4aa73) Importer(815301076,1909f56bfc062723c751e8b465ee728b)
Start importing Assets/Free Island Collection/Environment/Grass/Grass_B.png using Guid(bb0d5eea483852c48ae3a1202ce4aa73) Importer(815301076,1909f56bfc062723c751e8b465ee728b)  -> (artifact id: '202d21f1aa3d52a5e217aafab3055dc3') in 0.115148 seconds
  Import took 0.120895 seconds .

========================================================================
Received Import Request.
  Time since last request: 0.000319 seconds.
  path: Assets/Free Island Collection/Environment/Grass/Grass_A.png
  artifactKey: Guid(c6a916989b92ad641abb97317d1a3a90) Importer(815301076,1909f56bfc062723c751e8b465ee728b)
Start importing Assets/Free Island Collection/Environment/Grass/Grass_A.png using Guid(c6a916989b92ad641abb97317d1a3a90) Importer(815301076,1909f56bfc062723c751e8b465ee728b)  -> (artifact id: '83ecc28704f7c78896cb6955082a6416') in 0.064970 seconds
  Import took 0.070179 seconds .

========================================================================
Received Import Request.
  Time since last request: 0.000341 seconds.
  path: Assets/Coconut Palm Tree Pack/Textures/Parts/Frond_Stem_diffuse.psd
  artifactKey: Guid(faafacff7a1fd6a48b83ae94bba129eb) Importer(815301076,1909f56bfc062723c751e8b465ee728b)
Start importing Assets/Coconut Palm Tree Pack/Textures/Parts/Frond_Stem_diffuse.psd using Guid(faafacff7a1fd6a48b83ae94bba129eb) Importer(815301076,1909f56bfc062723c751e8b465ee728b)  -> (artifact id: '8481b63edb330d422a91aaba66335816') in 0.074963 seconds
  Import took 0.084165 seconds .

========================================================================
Received Import Request.
  Time since last request: 0.000435 seconds.
  path: Assets/AllSkyFree/Epic_GloriousPink/Epic_GloriousPink_Cam_5_Down-Y.png
  artifactKey: Guid(213ae241f43b44b3f961dd8739080120) Importer(815301076,1909f56bfc062723c751e8b465ee728b)
Start importing Assets/AllSkyFree/Epic_GloriousPink/Epic_GloriousPink_Cam_5_Down-Y.png using Guid(213ae241f43b44b3f961dd8739080120) Importer(815301076,1909f56bfc062723c751e8b465ee728b)  -> (artifact id: '2f632bbe0e73da34beac02596607b5bc') in 0.071051 seconds
  Import took 0.080035 seconds .

========================================================================
Received Import Request.
  Time since last request: 1.984898 seconds.
  path: Assets/Free Island Collection/Environment/Terrain/Textures/Mossy_Rock/Mossy_Rock_Diffuse.tif
  artifactKey: Guid(25aa1e93d2be86643bb80bb91e46a79b) Importer(815301076,1909f56bfc062723c751e8b465ee728b)
Start importing Assets/Free Island Collection/Environment/Terrain/Textures/Mossy_Rock/Mossy_Rock_Diffuse.tif using Guid(25aa1e93d2be86643bb80bb91e46a79b) Importer(815301076,1909f56bfc062723c751e8b465ee728b)  -> (artifact id: '65f72e1e8339ec4a9ea69651b17174b7') in 0.051237 seconds
  Import took 0.056594 seconds .

========================================================================
Received Import Request.
  Time since last request: 0.000317 seconds.
  path: Assets/Free Island Collection/Environment/Terrain/Textures/Mossy_Rock/Mossy_Rock_Normal.png
  artifactKey: Guid(59f60c0878b882d47aa2cdc4fad01ef9) Importer(815301076,1909f56bfc062723c751e8b465ee728b)
Start importing Assets/Free Island Collection/Environment/Terrain/Textures/Mossy_Rock/Mossy_Rock_Normal.png using Guid(59f60c0878b882d47aa2cdc4fad01ef9) Importer(815301076,1909f56bfc062723c751e8b465ee728b)  -> (artifact id: '2edaa23c19723d130e18265b867ecca9') in 0.064588 seconds
  Import took 0.068404 seconds .

========================================================================
Received Import Request.
  Time since last request: 1.406314 seconds.
  path: Assets/AllSkyFree/Night MoonBurst/Night Moon Burst_Cam_0_Front+Z.png
  artifactKey: Guid(6faf329ad7f5a4920bd3e23e4b000057) Importer(815301076,1909f56bfc062723c751e8b465ee728b)
Start importing Assets/AllSkyFree/Night MoonBurst/Night Moon Burst_Cam_0_Front+Z.png using Guid(6faf329ad7f5a4920bd3e23e4b000057) Importer(815301076,1909f56bfc062723c751e8b465ee728b)  -> (artifact id: '4527f5b98709ab4d49146cfd2e54bceb') in 0.051069 seconds
  Import took 0.062322 seconds .

========================================================================
Received Import Request.
  Time since last request: 0.000420 seconds.
  path: Assets/AllSkyFree/Night MoonBurst/Night Moon Burst_Cam_1_Back-Z.png
  artifactKey: Guid(88710d7f2a0fa4bfeacbf7045be893fc) Importer(815301076,1909f56bfc062723c751e8b465ee728b)
Start importing Assets/AllSkyFree/Night MoonBurst/Night Moon Burst_Cam_1_Back-Z.png using Guid(88710d7f2a0fa4bfeacbf7045be893fc) Importer(815301076,1909f56bfc062723c751e8b465ee728b)  -> (artifact id: 'f849f77b07bbd9095524b6cd91e66e54') in 0.042060 seconds
  Import took 0.050908 seconds .

========================================================================
Received Import Request.
  Time since last request: 3.315249 seconds.
  path: Assets/AllSkyFree/Night MoonBurst/Night Moon Burst_Cam_2_Left+X.png
  artifactKey: Guid(c35d875303c454b9a8acaae0f7800313) Importer(815301076,1909f56bfc062723c751e8b465ee728b)
Start importing Assets/AllSkyFree/Night MoonBurst/Night Moon Burst_Cam_2_Left+X.png using Guid(c35d875303c454b9a8acaae0f7800313) Importer(815301076,1909f56bfc062723c751e8b465ee728b)  -> (artifact id: '2eac8baee5b38d6c0d4bcb489ecce2a9') in 0.078794 seconds
  Import took 0.096514 seconds .

========================================================================
Received Import Request.
  Time since last request: 0.001144 seconds.
  path: Assets/AllSkyFree/Night MoonBurst/Night Moon Burst_Cam_3_Right-X.png
  artifactKey: Guid(8e462a9bf0b1941148e4318e741d7b09) Importer(815301076,1909f56bfc062723c751e8b465ee728b)
Start importing Assets/AllSkyFree/Night MoonBurst/Night Moon Burst_Cam_3_Right-X.png using Guid(8e462a9bf0b1941148e4318e741d7b09) Importer(815301076,1909f56bfc062723c751e8b465ee728b)  -> (artifact id: '60a94905a81dcbbdf896fa1040080254') in 0.116099 seconds
  Import took 0.133692 seconds .

========================================================================
Received Import Request.
  Time since last request: 0.610665 seconds.
  path: Assets/AllSkyFree/Night MoonBurst/Night Moon Burst_Cam_4_Up+Y.png
  artifactKey: Guid(544d3cf87e24a464fa433d08257479d1) Importer(815301076,1909f56bfc062723c751e8b465ee728b)
Start importing Assets/AllSkyFree/Night MoonBurst/Night Moon Burst_Cam_4_Up+Y.png using Guid(544d3cf87e24a464fa433d08257479d1) Importer(815301076,1909f56bfc062723c751e8b465ee728b)  -> (artifact id: '9d3dd5688237046ce6cbee48c68ee567') in 0.044981 seconds
  Import took 0.064142 seconds .

========================================================================
Received Import Request.
  Time since last request: 0.000313 seconds.
  path: Assets/AllSkyFree/Night MoonBurst/Night Moon Burst_Cam_5_Down-Y.png
  artifactKey: Guid(771300e956150427f8e4740c74cdd67e) Importer(815301076,1909f56bfc062723c751e8b465ee728b)
Start importing Assets/AllSkyFree/Night MoonBurst/Night Moon Burst_Cam_5_Down-Y.png using Guid(771300e956150427f8e4740c74cdd67e) Importer(815301076,1909f56bfc062723c751e8b465ee728b)  -> (artifact id: '1d6c80806fb05ba2d5e29099eac64d07') in 0.048104 seconds
  Import took 0.054406 seconds .

========================================================================
Received Import Request.
  Time since last request: 0.036069 seconds.
  path: Assets/Coconut Palm Tree Pack/Textures/Parts/Palm_Brush_diffuse.psd
  artifactKey: Guid(9cd8cff609aaf234f946e620c14ffb05) Importer(815301076,1909f56bfc062723c751e8b465ee728b)
Start importing Assets/Coconut Palm Tree Pack/Textures/Parts/Palm_Brush_diffuse.psd using Guid(9cd8cff609aaf234f946e620c14ffb05) Importer(815301076,1909f56bfc062723c751e8b465ee728b)  -> (artifact id: '2dfa045077aa4a2c16d1e1012fa58a8e') in 0.069201 seconds
  Import took 0.123658 seconds .

========================================================================
Received Import Request.
  Time since last request: 0.000306 seconds.
  path: Assets/Coconut Palm Tree Pack/Textures/Parts/Palm_Brush_gloss.png
  artifactKey: Guid(7d86926c175021744956548284febc35) Importer(815301076,1909f56bfc062723c751e8b465ee728b)
Start importing Assets/Coconut Palm Tree Pack/Textures/Parts/Palm_Brush_gloss.png using Guid(7d86926c175021744956548284febc35) Importer(815301076,1909f56bfc062723c751e8b465ee728b)  -> (artifact id: 'e74b3284ef6364a1b972547740a27465') in 0.034334 seconds
  Import took 0.039884 seconds .

========================================================================
Received Import Request.
  Time since last request: 0.392682 seconds.
  path: Assets/Coconut Palm Tree Pack/Textures/Parts/Palm_Brush_normal.tif
  artifactKey: Guid(00d939a5e964c1e468fb0ba0f978bba9) Importer(815301076,1909f56bfc062723c751e8b465ee728b)
Start importing Assets/Coconut Palm Tree Pack/Textures/Parts/Palm_Brush_normal.tif using Guid(00d939a5e964c1e468fb0ba0f978bba9) Importer(815301076,1909f56bfc062723c751e8b465ee728b)  -> (artifact id: 'dd86b92d4d7ad7e8d5ec65716a50a33e') in 0.028157 seconds
  Import took 0.034120 seconds .

========================================================================
Received Import Request.
  Time since last request: 0.000274 seconds.
  path: Assets/Coconut Palm Tree Pack/Textures/Parts/Palm_Brush_trans.psd
  artifactKey: Guid(c3f6d5d12f1c76a44864bd390dea6414) Importer(815301076,1909f56bfc062723c751e8b465ee728b)
Start importing Assets/Coconut Palm Tree Pack/Textures/Parts/Palm_Brush_trans.psd using Guid(c3f6d5d12f1c76a44864bd390dea6414) Importer(815301076,1909f56bfc062723c751e8b465ee728b)  -> (artifact id: 'b36facc5917d5772caf4f9a137ca845f') in 0.023016 seconds
  Import took 0.029662 seconds .

========================================================================
Received Import Request.
  Time since last request: 0.428900 seconds.
  path: Assets/Free Island Collection/Environment/Terrain/Textures/Sand/Sand_Diffuse.tif
  artifactKey: Guid(42df4504925e3c6428d6c62cdba23147) Importer(815301076,1909f56bfc062723c751e8b465ee728b)
Start importing Assets/Free Island Collection/Environment/Terrain/Textures/Sand/Sand_Diffuse.tif using Guid(42df4504925e3c6428d6c62cdba23147) Importer(815301076,1909f56bfc062723c751e8b465ee728b)  -> (artifact id: 'be395aa7f0fd96ab893f41ece6bfe327') in 0.103462 seconds
  Import took 0.112907 seconds .

========================================================================
Received Import Request.
  Time since last request: 0.000335 seconds.
  path: Assets/Free Island Collection/Environment/Terrain/Textures/Sand/Sand_Normal.png
  artifactKey: Guid(4461133173c4c6f4699bb1d9e2d83ba4) Importer(815301076,1909f56bfc062723c751e8b465ee728b)
Start importing Assets/Free Island Collection/Environment/Terrain/Textures/Sand/Sand_Normal.png using Guid(4461133173c4c6f4699bb1d9e2d83ba4) Importer(815301076,1909f56bfc062723c751e8b465ee728b)  -> (artifact id: 'c5c4c3027716431f8efc129af046eca1') in 0.083610 seconds
  Import took 0.089807 seconds .

========================================================================
Received Import Request.
  Time since last request: 0.000371 seconds.
  path: Assets/Free Island Collection/Environment/Terrain/Textures/Sand/Sand_Diffuse.tif
  artifactKey: Guid(42df4504925e3c6428d6c62cdba23147) Importer(815301076,1909f56bfc062723c751e8b465ee728b)
Start importing Assets/Free Island Collection/Environment/Terrain/Textures/Sand/Sand_Diffuse.tif using Guid(42df4504925e3c6428d6c62cdba23147) Importer(815301076,1909f56bfc062723c751e8b465ee728b)  -> (artifact id: 'be395aa7f0fd96ab893f41ece6bfe327') in 0.036886 seconds
  Import took 0.043518 seconds .

========================================================================
Received Import Request.
  Time since last request: 0.000793 seconds.
  path: Assets/Free Island Collection/Environment/Terrain/Textures/Sand/Sand_Normal.png
  artifactKey: Guid(4461133173c4c6f4699bb1d9e2d83ba4) Importer(815301076,1909f56bfc062723c751e8b465ee728b)
Start importing Assets/Free Island Collection/Environment/Terrain/Textures/Sand/Sand_Normal.png using Guid(4461133173c4c6f4699bb1d9e2d83ba4) Importer(815301076,1909f56bfc062723c751e8b465ee728b)  -> (artifact id: 'c5c4c3027716431f8efc129af046eca1') in 0.040463 seconds
  Import took 0.046643 seconds .

========================================================================
Received Import Request.
  Time since last request: 0.359526 seconds.
  path: Assets/Free Island Collection/Environment/Skies/Sky.jpg
  artifactKey: Guid(927f1165e7b6f7b49bf1f8dbf6ad7a9d) Importer(815301076,1909f56bfc062723c751e8b465ee728b)
Start importing Assets/Free Island Collection/Environment/Skies/Sky.jpg using Guid(927f1165e7b6f7b49bf1f8dbf6ad7a9d) Importer(815301076,1909f56bfc062723c751e8b465ee728b)  -> (artifact id: '9eaea38ec1b8a1f132037d8fdce0b683') in 0.140475 seconds
  Import took 0.220602 seconds .

========================================================================
Received Import Request.
  Time since last request: 0.000431 seconds.
  path: Assets/AllSkyFree/Overcast Low/Sky_AllSky_Overcast4_Low_Cam_2_Left+X.png
  artifactKey: Guid(4b922104744dc4f5ab309b556a7677da) Importer(815301076,1909f56bfc062723c751e8b465ee728b)
Start importing Assets/AllSkyFree/Overcast Low/Sky_AllSky_Overcast4_Low_Cam_2_Left+X.png using Guid(4b922104744dc4f5ab309b556a7677da) Importer(815301076,1909f56bfc062723c751e8b465ee728b)  -> (artifact id: '75b4038ce10895680205d33a60d1651c') in 0.047519 seconds
  Import took 0.120807 seconds .

========================================================================
Received Import Request.
  Time since last request: 0.000300 seconds.
  path: Assets/AllSkyFree/Overcast Low/Sky_AllSky_Overcast4_Low_Cam_0_Front+Z.png
  artifactKey: Guid(402fe3aa91fba453f92dd3bbe820dbd9) Importer(815301076,1909f56bfc062723c751e8b465ee728b)
Start importing Assets/AllSkyFree/Overcast Low/Sky_AllSky_Overcast4_Low_Cam_0_Front+Z.png using Guid(402fe3aa91fba453f92dd3bbe820dbd9) Importer(815301076,1909f56bfc062723c751e8b465ee728b)  -> (artifact id: '6b85f22366f64ee181a1142d35d134db') in 0.060516 seconds
  Import took 0.067054 seconds .

========================================================================
Received Import Request.
  Time since last request: 0.000372 seconds.
  path: Assets/AllSkyFree/Overcast Low/Sky_AllSky_Overcast4_Low_Cam_1_Back-Z.png
  artifactKey: Guid(4efb8fd75703d43cab6f01b240a7c945) Importer(815301076,1909f56bfc062723c751e8b465ee728b)
Start importing Assets/AllSkyFree/Overcast Low/Sky_AllSky_Overcast4_Low_Cam_1_Back-Z.png using Guid(4efb8fd75703d43cab6f01b240a7c945) Importer(815301076,1909f56bfc062723c751e8b465ee728b)  -> (artifact id: '216342ff18d60770d443fba319d5835d') in 0.063940 seconds
  Import took 0.074527 seconds .

========================================================================
Received Import Request.
  Time since last request: 0.000764 seconds.
  path: Assets/AllSkyFree/Overcast Low/Sky_AllSky_Overcast4_Low_Cam_0_Front+Z.png
  artifactKey: Guid(402fe3aa91fba453f92dd3bbe820dbd9) Importer(815301076,1909f56bfc062723c751e8b465ee728b)
Start importing Assets/AllSkyFree/Overcast Low/Sky_AllSky_Overcast4_Low_Cam_0_Front+Z.png using Guid(402fe3aa91fba453f92dd3bbe820dbd9) Importer(815301076,1909f56bfc062723c751e8b465ee728b)  -> (artifact id: '6b85f22366f64ee181a1142d35d134db') in 0.030747 seconds
  Import took 0.037627 seconds .

========================================================================
Received Import Request.
  Time since last request: 0.001212 seconds.
  path: Assets/AllSkyFree/Overcast Low/Sky_AllSky_Overcast4_Low_Cam_1_Back-Z.png
  artifactKey: Guid(4efb8fd75703d43cab6f01b240a7c945) Importer(815301076,1909f56bfc062723c751e8b465ee728b)
Start importing Assets/AllSkyFree/Overcast Low/Sky_AllSky_Overcast4_Low_Cam_1_Back-Z.png using Guid(4efb8fd75703d43cab6f01b240a7c945) Importer(815301076,1909f56bfc062723c751e8b465ee728b)  -> (artifact id: '216342ff18d60770d443fba319d5835d') in 0.026082 seconds
  Import took 0.030596 seconds .

========================================================================
Received Import Request.
  Time since last request: 0.467142 seconds.
  path: Assets/AllSkyFree/Overcast Low/Sky_AllSky_Overcast4_Low_Cam_3_Right-X.png
  artifactKey: Guid(0ccd1239645f54012a6ea72739d04982) Importer(815301076,1909f56bfc062723c751e8b465ee728b)
Start importing Assets/AllSkyFree/Overcast Low/Sky_AllSky_Overcast4_Low_Cam_3_Right-X.png using Guid(0ccd1239645f54012a6ea72739d04982) Importer(815301076,1909f56bfc062723c751e8b465ee728b)  -> (artifact id: '418b24ec63b1743099cb6413b657057f') in 0.053996 seconds
  Import took 0.061992 seconds .

========================================================================
Received Import Request.
  Time since last request: 0.000285 seconds.
  path: Assets/AllSkyFree/Overcast Low/Sky_AllSky_Overcast4_Low_Cam_4_Up+Y.png
  artifactKey: Guid(93ce6277acd7243f685c04cc3c1d0cc4) Importer(815301076,1909f56bfc062723c751e8b465ee728b)
Start importing Assets/AllSkyFree/Overcast Low/Sky_AllSky_Overcast4_Low_Cam_4_Up+Y.png using Guid(93ce6277acd7243f685c04cc3c1d0cc4) Importer(815301076,1909f56bfc062723c751e8b465ee728b)  -> (artifact id: 'b9dfeb06782c4ecc7853a84398440e30') in 0.167073 seconds
  Import took 0.171932 seconds .

========================================================================
Received Import Request.
  Time since last request: 0.000433 seconds.
  path: Assets/AllSkyFree/Overcast Low/Sky_AllSky_Overcast4_Low_Cam_3_Right-X.png
  artifactKey: Guid(0ccd1239645f54012a6ea72739d04982) Importer(815301076,1909f56bfc062723c751e8b465ee728b)
Start importing Assets/AllSkyFree/Overcast Low/Sky_AllSky_Overcast4_Low_Cam_3_Right-X.png using Guid(0ccd1239645f54012a6ea72739d04982) Importer(815301076,1909f56bfc062723c751e8b465ee728b)  -> (artifact id: '418b24ec63b1743099cb6413b657057f') in 0.092781 seconds
  Import took 0.103435 seconds .

========================================================================
Received Import Request.
  Time since last request: 0.152979 seconds.
  path: Assets/AllSkyFree/Overcast Low/Sky_AllSky_Overcast4_Low_Cam_5_Down-Y.png
  artifactKey: Guid(4164b771c2b784c2da3cbe10847a182e) Importer(815301076,1909f56bfc062723c751e8b465ee728b)
Start importing Assets/AllSkyFree/Overcast Low/Sky_AllSky_Overcast4_Low_Cam_5_Down-Y.png using Guid(4164b771c2b784c2da3cbe10847a182e) Importer(815301076,1909f56bfc062723c751e8b465ee728b)  -> (artifact id: '12c032e7fb21a1480bb444388de138ff') in 0.037778 seconds
  Import took 0.043946 seconds .

========================================================================
Received Import Request.
  Time since last request: 0.000291 seconds.
  path: Assets/AllSkyFree/Cartoon Base BlueSky/Sky_Day_BlueSky_Equirect.png
  artifactKey: Guid(d4c8dc343ae5d4673b7720ffdb1ddf00) Importer(815301076,1909f56bfc062723c751e8b465ee728b)
Start importing Assets/AllSkyFree/Cartoon Base BlueSky/Sky_Day_BlueSky_Equirect.png using Guid(d4c8dc343ae5d4673b7720ffdb1ddf00) Importer(815301076,1909f56bfc062723c751e8b465ee728b)  -> (artifact id: 'a648f96ac457538b58ed7ca2e987eb93') in 0.410931 seconds
  Import took 0.418046 seconds .

========================================================================
Received Import Request.
  Time since last request: 0.000319 seconds.
  path: Assets/AllSkyFree/Cartoon Base BlueSky/Sky_Day_BlueSky_Nothing_Cam_1_Back-Z.png
  artifactKey: Guid(33cbefefe2c7f4e77ac959c74eef5d4d) Importer(815301076,1909f56bfc062723c751e8b465ee728b)
Start importing Assets/AllSkyFree/Cartoon Base BlueSky/Sky_Day_BlueSky_Nothing_Cam_1_Back-Z.png using Guid(33cbefefe2c7f4e77ac959c74eef5d4d) Importer(815301076,1909f56bfc062723c751e8b465ee728b)  -> (artifact id: '4d7e8559abf5c29d4db7b3397f53f645') in 0.060095 seconds
  Import took 0.065180 seconds .

========================================================================
Received Import Request.
  Time since last request: 0.000358 seconds.
  path: Assets/AllSkyFree/Cartoon Base BlueSky/Sky_Day_BlueSky_Nothing_Cam_5_Down-Y.png
  artifactKey: Guid(4c119b81b42684c39873d7738564bcdd) Importer(815301076,1909f56bfc062723c751e8b465ee728b)
Start importing Assets/AllSkyFree/Cartoon Base BlueSky/Sky_Day_BlueSky_Nothing_Cam_5_Down-Y.png using Guid(4c119b81b42684c39873d7738564bcdd) Importer(815301076,1909f56bfc062723c751e8b465ee728b)  -> (artifact id: '26a38936790b8152df1557565324042e') in 0.043834 seconds
  Import took 0.054825 seconds .

========================================================================
Received Import Request.
  Time since last request: 0.000480 seconds.
  path: Assets/AllSkyFree/Cartoon Base BlueSky/Sky_Day_BlueSky_Nothing_Cam_0_Front+Z.png
  artifactKey: Guid(d731d71c2b8e94c18b5ef8be277e6773) Importer(815301076,1909f56bfc062723c751e8b465ee728b)
Start importing Assets/AllSkyFree/Cartoon Base BlueSky/Sky_Day_BlueSky_Nothing_Cam_0_Front+Z.png using Guid(d731d71c2b8e94c18b5ef8be277e6773) Importer(815301076,1909f56bfc062723c751e8b465ee728b)  -> (artifact id: 'f597ea0e557515e853286eb6058f87e1') in 0.054636 seconds
  Import took 0.062003 seconds .

========================================================================
Received Import Request.
  Time since last request: 0.000299 seconds.
  path: Assets/AllSkyFree/Cartoon Base BlueSky/Sky_Day_BlueSky_Nothing_Cam_4_Up+Y.png
  artifactKey: Guid(5cf2d5ca2357a4d4fb98ebc5b6034e72) Importer(815301076,1909f56bfc062723c751e8b465ee728b)
Start importing Assets/AllSkyFree/Cartoon Base BlueSky/Sky_Day_BlueSky_Nothing_Cam_4_Up+Y.png using Guid(5cf2d5ca2357a4d4fb98ebc5b6034e72) Importer(815301076,1909f56bfc062723c751e8b465ee728b)  -> (artifact id: '5744a12e38451203b108e8d748beadad') in 0.050654 seconds
  Import took 0.056167 seconds .

========================================================================
Received Import Request.
  Time since last request: 0.000351 seconds.
  path: Assets/AllSkyFree/Cartoon Base BlueSky/Sky_Day_BlueSky_Nothing_Cam_3_Right-X.png
  artifactKey: Guid(d3b809c8b33ff46faa4245f0bca7e6fe) Importer(815301076,1909f56bfc062723c751e8b465ee728b)
Start importing Assets/AllSkyFree/Cartoon Base BlueSky/Sky_Day_BlueSky_Nothing_Cam_3_Right-X.png using Guid(d3b809c8b33ff46faa4245f0bca7e6fe) Importer(815301076,1909f56bfc062723c751e8b465ee728b)  -> (artifact id: '51ebaa72e91b89d3eb2db15507c5d50f') in 0.033545 seconds
  Import took 0.038099 seconds .

========================================================================
Received Import Request.
  Time since last request: 0.000519 seconds.
  path: Assets/Free Island Collection/Environment/Terrain/Terrains/Terrain 2.asset
  artifactKey: Guid(68341d189870c82438df4aa82555e5bd) Importer(815301076,1909f56bfc062723c751e8b465ee728b)
Start importing Assets/Free Island Collection/Environment/Terrain/Terrains/Terrain 2.asset using Guid(68341d189870c82438df4aa82555e5bd) Importer(815301076,1909f56bfc062723c751e8b465ee728b)  -> (artifact id: 'b114062afd11ff7208cbfc68186b98cc') in 1.668789 seconds
  Import took 1.690200 seconds .

========================================================================
Received Import Request.
  Time since last request: 0.001956 seconds.
  path: Assets/Free Island Collection/Environment/Terrain/Terrains/Terrain 5.asset
  artifactKey: Guid(32a065fc41c860e46858365d0acfcab9) Importer(815301076,1909f56bfc062723c751e8b465ee728b)
Start importing Assets/Free Island Collection/Environment/Terrain/Terrains/Terrain 5.asset using Guid(32a065fc41c860e46858365d0acfcab9) Importer(815301076,1909f56bfc062723c751e8b465ee728b)  -> (artifact id: '64a2d75326f5d522747f8acfb4f48a54') in 0.746696 seconds
  Import took 0.762375 seconds .

========================================================================
Received Import Request.
  Time since last request: 0.000318 seconds.
  path: Assets/AllSkyFree/AllSkyDemoEnvironment/SunGlare.psd
  artifactKey: Guid(0309f746e292a4772b7e81facce34e28) Importer(815301076,1909f56bfc062723c751e8b465ee728b)
Start importing Assets/AllSkyFree/AllSkyDemoEnvironment/SunGlare.psd using Guid(0309f746e292a4772b7e81facce34e28) Importer(815301076,1909f56bfc062723c751e8b465ee728b)  -> (artifact id: '3b41624294bed03cb7712cb245b74620') in 0.040937 seconds
  Import took 0.058953 seconds .

========================================================================
Received Import Request.
  Time since last request: 0.003719 seconds.
  path: Assets/Free Island Collection/Environment/Terrain/Terrains/Terrain 3.asset
  artifactKey: Guid(78008e4367245274f89317181626ef9c) Importer(815301076,1909f56bfc062723c751e8b465ee728b)
Start importing Assets/Free Island Collection/Environment/Terrain/Terrains/Terrain 3.asset using Guid(78008e4367245274f89317181626ef9c) Importer(815301076,1909f56bfc062723c751e8b465ee728b)  -> (artifact id: '09b78aab7a9a75db8217c77e39d0a014') in 1.306385 seconds
  Import took 1.343828 seconds .

========================================================================
Received Import Request.
  Time since last request: 0.002744 seconds.
  path: Assets/AllSkyFree/Cartoon Base BlueSky/Sky_Day_BlueSky_Nothing_Cam_2_Left+X.png
  artifactKey: Guid(6b8f010ba933d4f01bdedec2c1a8a025) Importer(815301076,1909f56bfc062723c751e8b465ee728b)
Start importing Assets/AllSkyFree/Cartoon Base BlueSky/Sky_Day_BlueSky_Nothing_Cam_2_Left+X.png using Guid(6b8f010ba933d4f01bdedec2c1a8a025) Importer(815301076,1909f56bfc062723c751e8b465ee728b)  -> (artifact id: '811350c07f23ea4904bda13795c71e44') in 0.103661 seconds
  Import took 0.110411 seconds .

========================================================================
Received Import Request.
  Time since last request: 0.000329 seconds.
  path: Assets/Free Island Collection/Environment/Terrain/Terrains/Terrain 1.asset
  artifactKey: Guid(4d32e30b5f100b34092f0cddf84f008e) Importer(815301076,1909f56bfc062723c751e8b465ee728b)
Start importing Assets/Free Island Collection/Environment/Terrain/Terrains/Terrain 1.asset using Guid(4d32e30b5f100b34092f0cddf84f008e) Importer(815301076,1909f56bfc062723c751e8b465ee728b)  -> (artifact id: '3f6285f97e2f9282611aa0a4ce168f7b') in 0.997927 seconds
  Import took 1.032749 seconds .

========================================================================
Received Import Request.
  Time since last request: 7.045223 seconds.
  path: Assets/Island/Standard
  artifactKey: Guid(4837b3f5f3a41f944bbc9e8336c5703a) Importer(815301076,1909f56bfc062723c751e8b465ee728b)
Start importing Assets/Island/Standard using Guid(4837b3f5f3a41f944bbc9e8336c5703a) Importer(815301076,1909f56bfc062723c751e8b465ee728b)  -> (artifact id: 'ef20f37a32527fd47743136ef4313d4d') in 0.015371 seconds
  Import took 0.023753 seconds .

========================================================================
Received Import Request.
  Time since last request: 1.350483 seconds.
  path: Assets/Island/Standard/Island_2019.3.15_Standard.unitypackage
  artifactKey: Guid(2c70f4b9ecc3a814fb862a4f12fa106e) Importer(815301076,1909f56bfc062723c751e8b465ee728b)
Start importing Assets/Island/Standard/Island_2019.3.15_Standard.unitypackage using Guid(2c70f4b9ecc3a814fb862a4f12fa106e) Importer(815301076,1909f56bfc062723c751e8b465ee728b)  -> (artifact id: '188ef86afbd665d9828207ecd23bae37') in 0.031609 seconds
  Import took 0.035893 seconds .

========================================================================
Received Import Request.
  Time since last request: 9.747336 seconds.
  path: Assets/Free Island Collection/Scenes
  artifactKey: Guid(4f43a6eac60207c44aa42bc8df693a67) Importer(815301076,1909f56bfc062723c751e8b465ee728b)
Start importing Assets/Free Island Collection/Scenes using Guid(4f43a6eac60207c44aa42bc8df693a67) Importer(815301076,1909f56bfc062723c751e8b465ee728b)  -> (artifact id: '019b67aaebe6aee8931c522df4c89ee8') in 0.016827 seconds
  Import took 0.021608 seconds .

========================================================================
Received Import Request.
  Time since last request: 2.242083 seconds.
  path: Assets/Free Island Collection/Environment
  artifactKey: Guid(ccdeaf8de5e1b544e9e91c1408007830) Importer(815301076,1909f56bfc062723c751e8b465ee728b)
Start importing Assets/Free Island Collection/Environment using Guid(ccdeaf8de5e1b544e9e91c1408007830) Importer(815301076,1909f56bfc062723c751e8b465ee728b)  -> (artifact id: '8619b726b91a2531ceb0a1efedcdbeb8') in 0.016618 seconds
  Import took 0.020315 seconds .

========================================================================
Received Import Request.
  Time since last request: 1.576085 seconds.
  path: Assets/Free Island Collection/Environment/Grass
  artifactKey: Guid(c86913ae686abec4499068ede1a90675) Importer(815301076,1909f56bfc062723c751e8b465ee728b)
Start importing Assets/Free Island Collection/Environment/Grass using Guid(c86913ae686abec4499068ede1a90675) Importer(815301076,1909f56bfc062723c751e8b465ee728b)  -> (artifact id: '52d9d6660b05316f5dbd7a535aa96baa') in 0.035104 seconds
  Import took 0.044051 seconds .

========================================================================
Received Import Request.
  Time since last request: 17.145360 seconds.
  path: Assets/Free Island Collection/Environment/Terrain/Textures
  artifactKey: Guid(dd36b55e9177eed459e9d317493220ae) Importer(815301076,1909f56bfc062723c751e8b465ee728b)
Start importing Assets/Free Island Collection/Environment/Terrain/Textures using Guid(dd36b55e9177eed459e9d317493220ae) Importer(815301076,1909f56bfc062723c751e8b465ee728b)  -> (artifact id: '4d01196d8f31c2fd568a0bcea7890e9a') in 0.024257 seconds
  Import took 0.043034 seconds .

========================================================================
Received Import Request.
  Time since last request: 1.512195 seconds.
  path: Assets/Free Island Collection/Environment/Terrain/Textures/Cliff_1
  artifactKey: Guid(33c8614d73184ea4ebe7ab83cf5a560b) Importer(815301076,1909f56bfc062723c751e8b465ee728b)
Start importing Assets/Free Island Collection/Environment/Terrain/Textures/Cliff_1 using Guid(33c8614d73184ea4ebe7ab83cf5a560b) Importer(815301076,1909f56bfc062723c751e8b465ee728b)  -> (artifact id: '1a727299216a71fbac7a863bf1dce230') in 0.020559 seconds
  Import took 0.026291 seconds .

========================================================================
Received Import Request.
  Time since last request: 0.001118 seconds.
  path: Assets/Free Island Collection/Environment/Terrain/Textures/Cliff_1
  artifactKey: Guid(33c8614d73184ea4ebe7ab83cf5a560b) Importer(815301076,1909f56bfc062723c751e8b465ee728b)
Start importing Assets/Free Island Collection/Environment/Terrain/Textures/Cliff_1 using Guid(33c8614d73184ea4ebe7ab83cf5a560b) Importer(815301076,1909f56bfc062723c751e8b465ee728b)  -> (artifact id: '1a727299216a71fbac7a863bf1dce230') in 0.004264 seconds
  Import took 0.008795 seconds .

========================================================================
Received Import Request.
  Time since last request: 4.240276 seconds.
  path: Assets/Free Island Collection/Environment/Terrain/Textures/Grass_1
  artifactKey: Guid(97a3796679024694c844bf89ffd11b43) Importer(815301076,1909f56bfc062723c751e8b465ee728b)
Start importing Assets/Free Island Collection/Environment/Terrain/Textures/Grass_1 using Guid(97a3796679024694c844bf89ffd11b43) Importer(815301076,1909f56bfc062723c751e8b465ee728b)  -> (artifact id: 'f41236302ec78ff79267453a220a34b5') in 0.020487 seconds
  Import took 0.028655 seconds .

========================================================================
Received Prepare
Registering precompiled user dll's ...
Registered in 0.002459 seconds.
Begin MonoManager ReloadAssembly
Native extension for WindowsStandalone target not found
Native extension for WebGL target not found
Refreshing native plugins compatible for Editor in 0.56 ms, found 0 plugins.
Preloading 0 native plugins for Editor in 0.00 ms.
Invoked RoslynAnalysisRunner static constructor.
RoslynAnalysisRunner will not be running.
RoslynAnalysisRunner has terminated.
Mono: successfully reloaded assembly
- Completed reload, in  1.764 seconds
Platform modules already initialized, skipping
Refreshing native plugins compatible for Editor in 0.58 ms, found 0 plugins.
Preloading 0 native plugins for Editor in 0.00 ms.
Unloading 1095 Unused Serialized files (Serialized files now loaded: 0)
System memory in use before: 74.4 MB.
System memory in use after: 74.5 MB.

Unloading 5 unused Assets to reduce memory usage. Loaded Objects now: 1614.
Total: 3.274700 ms (FindLiveObjects: 0.286500 ms CreateObjectMapping: 0.079200 ms MarkObjects: 2.758500 ms  DeleteObjects: 0.148400 ms)

========================================================================
Received Import Request.
  Time since last request: 139.431086 seconds.
  path: Assets/Free Island Collection/Environment/Terrain/Textures/Grass_2
  artifactKey: Guid(9b7d2e512a026a8419e95e1f7f5de66c) Importer(815301076,1909f56bfc062723c751e8b465ee728b)
Start importing Assets/Free Island Collection/Environment/Terrain/Textures/Grass_2 using Guid(9b7d2e512a026a8419e95e1f7f5de66c) Importer(815301076,1909f56bfc062723c751e8b465ee728b)  -> (artifact id: 'bede84ca46cced1bf8157b7d1a970eb3') in 0.025104 seconds
  Import took 0.029510 seconds .

========================================================================
Received Import Request.
  Time since last request: 13.472380 seconds.
  path: Assets/Free Island Collection/Environment/Terrain/Textures/Cliff_2
  artifactKey: Guid(1fddf104c470f8149963e99164da7319) Importer(815301076,1909f56bfc062723c751e8b465ee728b)
Start importing Assets/Free Island Collection/Environment/Terrain/Textures/Cliff_2 using Guid(1fddf104c470f8149963e99164da7319) Importer(815301076,1909f56bfc062723c751e8b465ee728b)  -> (artifact id: 'c25cdd533055d69983ccd6e91946186d') in 0.016047 seconds
  Import took 0.020209 seconds .

========================================================================
Received Import Request.
  Time since last request: 0.012832 seconds.
  path: Assets/Free Island Collection/Environment/Terrain/Textures/Cliff_2
  artifactKey: Guid(1fddf104c470f8149963e99164da7319) Importer(815301076,1909f56bfc062723c751e8b465ee728b)
Start importing Assets/Free Island Collection/Environment/Terrain/Textures/Cliff_2 using Guid(1fddf104c470f8149963e99164da7319) Importer(815301076,1909f56bfc062723c751e8b465ee728b)  -> (artifact id: 'c25cdd533055d69983ccd6e91946186d') in 0.006543 seconds
  Import took 0.011605 seconds .

========================================================================
Received Import Request.
  Time since last request: 4.736209 seconds.
  path: Assets/Free Island Collection/Environment/Terrain/Textures/Dirt_1
  artifactKey: Guid(163f24a69d73da740ac93dadb3c8daec) Importer(815301076,1909f56bfc062723c751e8b465ee728b)
Start importing Assets/Free Island Collection/Environment/Terrain/Textures/Dirt_1 using Guid(163f24a69d73da740ac93dadb3c8daec) Importer(815301076,1909f56bfc062723c751e8b465ee728b)  -> (artifact id: '45faf871e0d2d8de5edba43fa4c0f7ab') in 0.016873 seconds
  Import took 0.021615 seconds .

========================================================================
Received Import Request.
  Time since last request: 8.276776 seconds.
  path: Assets/Free Island Collection/Environment/Terrain/Textures/Dirt_2
  artifactKey: Guid(dd52ab0d4b8d5914bba3b061e543b531) Importer(815301076,1909f56bfc062723c751e8b465ee728b)
Start importing Assets/Free Island Collection/Environment/Terrain/Textures/Dirt_2 using Guid(dd52ab0d4b8d5914bba3b061e543b531) Importer(815301076,1909f56bfc062723c751e8b465ee728b)  -> (artifact id: 'c61397136057abae5801a66212d0a563') in 0.019055 seconds
  Import took 0.025641 seconds .

========================================================================
Received Import Request.
  Time since last request: 0.000122 seconds.
  path: Assets/Free Island Collection/Environment/Terrain/Textures/Dirt_2
  artifactKey: Guid(dd52ab0d4b8d5914bba3b061e543b531) Importer(815301076,1909f56bfc062723c751e8b465ee728b)
Start importing Assets/Free Island Collection/Environment/Terrain/Textures/Dirt_2 using Guid(dd52ab0d4b8d5914bba3b061e543b531) Importer(815301076,1909f56bfc062723c751e8b465ee728b)  -> (artifact id: 'c61397136057abae5801a66212d0a563') in 0.016504 seconds
  Import took 0.032373 seconds .

========================================================================
Received Import Request.
  Time since last request: 11.680928 seconds.
  path: Assets/Free Island Collection/Environment/Terrain/Textures/Mossy_Rock
  artifactKey: Guid(2a2cad5d2f014c242801f37ab6fae3f7) Importer(815301076,1909f56bfc062723c751e8b465ee728b)
Start importing Assets/Free Island Collection/Environment/Terrain/Textures/Mossy_Rock using Guid(2a2cad5d2f014c242801f37ab6fae3f7) Importer(815301076,1909f56bfc062723c751e8b465ee728b)  -> (artifact id: '120017b86f4c7e7eb532766d63024507') in 0.019795 seconds
  Import took 0.023544 seconds .

========================================================================
Received Import Request.
  Time since last request: 15.009517 seconds.
  path: Assets/Free Island Collection/Environment/Terrain/Textures/Sand
  artifactKey: Guid(7939f503a8d755b449c52e9ef7591a2e) Importer(815301076,1909f56bfc062723c751e8b465ee728b)
Start importing Assets/Free Island Collection/Environment/Terrain/Textures/Sand using Guid(7939f503a8d755b449c52e9ef7591a2e) Importer(815301076,1909f56bfc062723c751e8b465ee728b)  -> (artifact id: 'b96ee2ccfc59d8048f63a2c15089c5c8') in 0.017412 seconds
  Import took 0.023195 seconds .

========================================================================
Received Import Request.
  Time since last request: 0.002484 seconds.
  path: Assets/Free Island Collection/Environment/Terrain/Textures/Sand
  artifactKey: Guid(7939f503a8d755b449c52e9ef7591a2e) Importer(815301076,1909f56bfc062723c751e8b465ee728b)
Start importing Assets/Free Island Collection/Environment/Terrain/Textures/Sand using Guid(7939f503a8d755b449c52e9ef7591a2e) Importer(815301076,1909f56bfc062723c751e8b465ee728b)  -> (artifact id: 'b96ee2ccfc59d8048f63a2c15089c5c8') in 0.004176 seconds
  Import took 0.011440 seconds .

AssetImportWorkerClient::OnTransportError - code=2 error=End of file
